[07/29/24 19:56:08] crowsnest: crowsnest - A webcam Service for multiple Cams and Stream Services.
[07/29/24 19:56:08] crowsnest: Version: v4.1.9-1-gd75a3ae
[07/29/24 19:56:08] crowsnest: Prepare Startup ...
[07/29/24 19:56:08] crowsnest: INFO: Host information:
[07/29/24 19:56:08] crowsnest: Host Info: Distribution: Debian GNU/Linux 11 (bullseye)
[07/29/24 19:56:08] crowsnest: Host Info: Kernel: Linux 5.16.17-sun50iw6 aarch64
[07/29/24 19:56:08] crowsnest: Host Info: Available CPU Cores: 4
[07/29/24 19:56:08] crowsnest: Host Info: Available Memory: 2032516 kB
[07/29/24 19:56:08] crowsnest: Host Info: Diskspace (avail. / total): 1.5G / 7.0G
[07/29/24 19:56:08] crowsnest: INFO: Checking Dependencies
[07/29/24 19:56:08] crowsnest: Dependency: 'crudini' found in /usr/bin/crudini.
[07/29/24 19:56:08] crowsnest: Dependency: 'find' found in /usr/bin/find.
[07/29/24 19:56:08] crowsnest: Dependency: 'xargs' found in /usr/bin/xargs.
[07/29/24 19:56:08] crowsnest: Dependency: 'ustreamer' found in bin/ustreamer/src/ustreamer.bin.
[07/29/24 19:56:09] crowsnest: Version Control: ustreamer is up to date. (v6.10)
[07/29/24 19:56:09] crowsnest: INFO: Print Configfile: '/home/kkobold/printer_data/config/crowsnest.conf'
[07/29/24 19:56:09] crowsnest:		[crowsnest]
[07/29/24 19:56:09] crowsnest:		log_path: /home/kkobold/printer_data/logs/crowsnest.log
[07/29/24 19:56:09] crowsnest:		log_level: verbose
[07/29/24 19:56:09] crowsnest:		delete_log: false
[07/29/24 19:56:09] crowsnest:		no_proxy: false
[07/29/24 19:56:09] crowsnest:		
[07/29/24 19:56:09] crowsnest:		[cam 1]
[07/29/24 19:56:09] crowsnest:		mode: ustreamer
[07/29/24 19:56:09] crowsnest:		
[07/29/24 19:56:09] crowsnest:		enable_rtsp: false
[07/29/24 19:56:09] crowsnest:		rtsp_port: 8554
[07/29/24 19:56:09] crowsnest:		port: 8080
[07/29/24 19:56:09] crowsnest:		device: /dev/video0
[07/29/24 19:56:09] crowsnest:		resolution: 640x480
[07/29/24 19:56:09] crowsnest:		max_fps: 15
[07/29/24 19:56:09] crowsnest: INFO: Detect available Devices
[07/29/24 19:56:09] crowsnest: ERROR: No usable Devices Found. Stopping crowsnest.
[07/29/24 19:56:15] crowsnest: crowsnest - A webcam Service for multiple Cams and Stream Services.
[07/29/24 19:56:15] crowsnest: Version: v4.1.9-1-gd75a3ae
[07/29/24 19:56:15] crowsnest: Prepare Startup ...
[07/29/24 19:56:15] crowsnest: INFO: Host information:
[07/29/24 19:56:15] crowsnest: Host Info: Distribution: Debian GNU/Linux 11 (bullseye)
[07/29/24 19:56:15] crowsnest: Host Info: Kernel: Linux 5.16.17-sun50iw6 aarch64
[07/29/24 19:56:15] crowsnest: Host Info: Available CPU Cores: 4
[07/29/24 19:56:15] crowsnest: Host Info: Available Memory: 2032516 kB
[07/29/24 19:56:15] crowsnest: Host Info: Diskspace (avail. / total): 1.5G / 7.0G
[07/29/24 19:56:15] crowsnest: INFO: Checking Dependencies
[07/29/24 19:56:15] crowsnest: Dependency: 'crudini' found in /usr/bin/crudini.
[07/29/24 19:56:15] crowsnest: Dependency: 'find' found in /usr/bin/find.
[07/29/24 19:56:15] crowsnest: Dependency: 'xargs' found in /usr/bin/xargs.
[07/29/24 19:56:15] crowsnest: Dependency: 'ustreamer' found in bin/ustreamer/src/ustreamer.bin.
[07/29/24 19:56:15] crowsnest: Version Control: ustreamer is up to date. (v6.10)
[07/29/24 19:56:15] crowsnest: INFO: Print Configfile: '/home/kkobold/printer_data/config/crowsnest.conf'
[07/29/24 19:56:15] crowsnest:		[crowsnest]
[07/29/24 19:56:15] crowsnest:		log_path: /home/kkobold/printer_data/logs/crowsnest.log
[07/29/24 19:56:15] crowsnest:		log_level: verbose
[07/29/24 19:56:15] crowsnest:		delete_log: false
[07/29/24 19:56:15] crowsnest:		no_proxy: false
[07/29/24 19:56:15] crowsnest:		
[07/29/24 19:56:15] crowsnest:		[cam 1]
[07/29/24 19:56:15] crowsnest:		mode: ustreamer
[07/29/24 19:56:15] crowsnest:		
[07/29/24 19:56:15] crowsnest:		enable_rtsp: false
[07/29/24 19:56:15] crowsnest:		rtsp_port: 8554
[07/29/24 19:56:15] crowsnest:		port: 8080
[07/29/24 19:56:15] crowsnest:		device: /dev/video0
[07/29/24 19:56:15] crowsnest:		resolution: 640x480
[07/29/24 19:56:15] crowsnest:		max_fps: 15
[07/29/24 19:56:15] crowsnest: INFO: Detect available Devices
[07/29/24 19:56:15] crowsnest: ERROR: No usable Devices Found. Stopping crowsnest.
[07/29/24 19:56:34] crowsnest: crowsnest - A webcam Service for multiple Cams and Stream Services.
[07/29/24 19:56:34] crowsnest: Version: v4.1.9-1-gd75a3ae
[07/29/24 19:56:34] crowsnest: Prepare Startup ...
[07/29/24 19:56:34] crowsnest: INFO: Host information:
[07/29/24 19:56:34] crowsnest: Host Info: Distribution: Debian GNU/Linux 11 (bullseye)
[07/29/24 19:56:34] crowsnest: Host Info: Kernel: Linux 5.16.17-sun50iw6 aarch64
[07/29/24 19:56:34] crowsnest: Host Info: Available CPU Cores: 4
[07/29/24 19:56:34] crowsnest: Host Info: Available Memory: 2032516 kB
[07/29/24 19:56:34] crowsnest: Host Info: Diskspace (avail. / total): 1.5G / 7.0G
[07/29/24 19:56:34] crowsnest: INFO: Checking Dependencies
[07/29/24 19:56:34] crowsnest: Dependency: 'crudini' found in /usr/bin/crudini.
[07/29/24 19:56:34] crowsnest: Dependency: 'find' found in /usr/bin/find.
[07/29/24 19:56:34] crowsnest: Dependency: 'xargs' found in /usr/bin/xargs.
[07/29/24 19:56:34] crowsnest: Dependency: 'ustreamer' found in bin/ustreamer/src/ustreamer.bin.
[07/29/24 19:56:34] crowsnest: Version Control: ustreamer is up to date. (v6.10)
[07/29/24 19:56:34] crowsnest: INFO: Print Configfile: '/home/kkobold/printer_data/config/crowsnest.conf'
[07/29/24 19:56:34] crowsnest:		[crowsnest]
[07/29/24 19:56:34] crowsnest:		log_path: /home/kkobold/printer_data/logs/crowsnest.log
[07/29/24 19:56:34] crowsnest:		log_level: verbose
[07/29/24 19:56:34] crowsnest:		delete_log: false
[07/29/24 19:56:34] crowsnest:		no_proxy: false
[07/29/24 19:56:34] crowsnest:		
[07/29/24 19:56:34] crowsnest:		[cam 1]
[07/29/24 19:56:34] crowsnest:		mode: ustreamer
[07/29/24 19:56:34] crowsnest:		
[07/29/24 19:56:34] crowsnest:		enable_rtsp: false
[07/29/24 19:56:34] crowsnest:		rtsp_port: 8554
[07/29/24 19:56:34] crowsnest:		port: 8080
[07/29/24 19:56:34] crowsnest:		device: /dev/video0
[07/29/24 19:56:34] crowsnest:		resolution: 640x480
[07/29/24 19:56:34] crowsnest:		max_fps: 15
[07/29/24 19:56:34] crowsnest: INFO: Detect available Devices
[07/29/24 19:56:34] crowsnest: ERROR: No usable Devices Found. Stopping crowsnest.
[07/29/24 19:56:40] crowsnest: crowsnest - A webcam Service for multiple Cams and Stream Services.
[07/29/24 19:56:40] crowsnest: Version: v4.1.9-1-gd75a3ae
[07/29/24 19:56:40] crowsnest: Prepare Startup ...
[07/29/24 19:56:40] crowsnest: INFO: Host information:
[07/29/24 19:56:40] crowsnest: Host Info: Distribution: Debian GNU/Linux 11 (bullseye)
[07/29/24 19:56:40] crowsnest: Host Info: Kernel: Linux 5.16.17-sun50iw6 aarch64
[07/29/24 19:56:40] crowsnest: Host Info: Available CPU Cores: 4
[07/29/24 19:56:40] crowsnest: Host Info: Available Memory: 2032516 kB
[07/29/24 19:56:40] crowsnest: Host Info: Diskspace (avail. / total): 1.5G / 7.0G
[07/29/24 19:56:40] crowsnest: INFO: Checking Dependencies
[07/29/24 19:56:40] crowsnest: Dependency: 'crudini' found in /usr/bin/crudini.
[07/29/24 19:56:40] crowsnest: Dependency: 'find' found in /usr/bin/find.
[07/29/24 19:56:40] crowsnest: Dependency: 'xargs' found in /usr/bin/xargs.
[07/29/24 19:56:40] crowsnest: Dependency: 'ustreamer' found in bin/ustreamer/src/ustreamer.bin.
[07/29/24 19:56:40] crowsnest: Version Control: ustreamer is up to date. (v6.10)
[07/29/24 19:56:41] crowsnest: INFO: Print Configfile: '/home/kkobold/printer_data/config/crowsnest.conf'
[07/29/24 19:56:41] crowsnest:		[crowsnest]
[07/29/24 19:56:41] crowsnest:		log_path: /home/kkobold/printer_data/logs/crowsnest.log
[07/29/24 19:56:41] crowsnest:		log_level: verbose
[07/29/24 19:56:41] crowsnest:		delete_log: false
[07/29/24 19:56:41] crowsnest:		no_proxy: false
[07/29/24 19:56:41] crowsnest:		
[07/29/24 19:56:41] crowsnest:		[cam 1]
[07/29/24 19:56:41] crowsnest:		mode: ustreamer
[07/29/24 19:56:41] crowsnest:		
[07/29/24 19:56:41] crowsnest:		enable_rtsp: false
[07/29/24 19:56:41] crowsnest:		rtsp_port: 8554
[07/29/24 19:56:41] crowsnest:		port: 8080
[07/29/24 19:56:41] crowsnest:		device: /dev/video0
[07/29/24 19:56:41] crowsnest:		resolution: 640x480
[07/29/24 19:56:41] crowsnest:		max_fps: 15
[07/29/24 19:56:41] crowsnest: INFO: Detect available Devices
[07/29/24 19:56:41] crowsnest: ERROR: No usable Devices Found. Stopping crowsnest.
[07/29/24 19:56:47] crowsnest: crowsnest - A webcam Service for multiple Cams and Stream Services.
[07/29/24 19:56:47] crowsnest: Version: v4.1.9-1-gd75a3ae
[07/29/24 19:56:47] crowsnest: Prepare Startup ...
[07/29/24 19:56:47] crowsnest: INFO: Host information:
[07/29/24 19:56:47] crowsnest: Host Info: Distribution: Debian GNU/Linux 11 (bullseye)
[07/29/24 19:56:47] crowsnest: Host Info: Kernel: Linux 5.16.17-sun50iw6 aarch64
[07/29/24 19:56:47] crowsnest: Host Info: Available CPU Cores: 4
[07/29/24 19:56:47] crowsnest: Host Info: Available Memory: 2032516 kB
[07/29/24 19:56:47] crowsnest: Host Info: Diskspace (avail. / total): 1.5G / 7.0G
[07/29/24 19:56:47] crowsnest: INFO: Checking Dependencies
[07/29/24 19:56:47] crowsnest: Dependency: 'crudini' found in /usr/bin/crudini.
[07/29/24 19:56:47] crowsnest: Dependency: 'find' found in /usr/bin/find.
[07/29/24 19:56:47] crowsnest: Dependency: 'xargs' found in /usr/bin/xargs.
[07/29/24 19:56:47] crowsnest: Dependency: 'ustreamer' found in bin/ustreamer/src/ustreamer.bin.
[07/29/24 19:56:47] crowsnest: Version Control: ustreamer is up to date. (v6.10)
[07/29/24 19:56:47] crowsnest: INFO: Print Configfile: '/home/kkobold/printer_data/config/crowsnest.conf'
[07/29/24 19:56:47] crowsnest:		[crowsnest]
[07/29/24 19:56:47] crowsnest:		log_path: /home/kkobold/printer_data/logs/crowsnest.log
[07/29/24 19:56:47] crowsnest:		log_level: verbose
[07/29/24 19:56:47] crowsnest:		delete_log: false
[07/29/24 19:56:47] crowsnest:		no_proxy: false
[07/29/24 19:56:47] crowsnest:		
[07/29/24 19:56:47] crowsnest:		[cam 1]
[07/29/24 19:56:47] crowsnest:		mode: ustreamer
[07/29/24 19:56:47] crowsnest:		
[07/29/24 19:56:47] crowsnest:		enable_rtsp: false
[07/29/24 19:56:47] crowsnest:		rtsp_port: 8554
[07/29/24 19:56:47] crowsnest:		port: 8080
[07/29/24 19:56:47] crowsnest:		device: /dev/video0
[07/29/24 19:56:47] crowsnest:		resolution: 640x480
[07/29/24 19:56:47] crowsnest:		max_fps: 15
[07/29/24 19:56:47] crowsnest: INFO: Detect available Devices
[07/29/24 19:56:47] crowsnest: ERROR: No usable Devices Found. Stopping crowsnest.
[07/29/24 19:56:53] crowsnest: crowsnest - A webcam Service for multiple Cams and Stream Services.
[07/29/24 19:56:53] crowsnest: Version: v4.1.9-1-gd75a3ae
[07/29/24 19:56:53] crowsnest: Prepare Startup ...
[07/29/24 19:56:53] crowsnest: INFO: Host information:
[07/29/24 19:56:53] crowsnest: Host Info: Distribution: Debian GNU/Linux 11 (bullseye)
[07/29/24 19:56:53] crowsnest: Host Info: Kernel: Linux 5.16.17-sun50iw6 aarch64
[07/29/24 19:56:53] crowsnest: Host Info: Available CPU Cores: 4
[07/29/24 19:56:53] crowsnest: Host Info: Available Memory: 2032516 kB
[07/29/24 19:56:53] crowsnest: Host Info: Diskspace (avail. / total): 1.5G / 7.0G
[07/29/24 19:56:53] crowsnest: INFO: Checking Dependencies
[07/29/24 19:56:53] crowsnest: Dependency: 'crudini' found in /usr/bin/crudini.
[07/29/24 19:56:53] crowsnest: Dependency: 'find' found in /usr/bin/find.
[07/29/24 19:56:53] crowsnest: Dependency: 'xargs' found in /usr/bin/xargs.
[07/29/24 19:56:53] crowsnest: Dependency: 'ustreamer' found in bin/ustreamer/src/ustreamer.bin.
[07/29/24 19:56:53] crowsnest: Version Control: ustreamer is up to date. (v6.10)
[07/29/24 19:56:53] crowsnest: INFO: Print Configfile: '/home/kkobold/printer_data/config/crowsnest.conf'
[07/29/24 19:56:53] crowsnest:		[crowsnest]
[07/29/24 19:56:53] crowsnest:		log_path: /home/kkobold/printer_data/logs/crowsnest.log
[07/29/24 19:56:53] crowsnest:		log_level: verbose
[07/29/24 19:56:53] crowsnest:		delete_log: false
[07/29/24 19:56:53] crowsnest:		no_proxy: false
[07/29/24 19:56:53] crowsnest:		
[07/29/24 19:56:53] crowsnest:		[cam 1]
[07/29/24 19:56:53] crowsnest:		mode: ustreamer
[07/29/24 19:56:53] crowsnest:		
[07/29/24 19:56:53] crowsnest:		enable_rtsp: false
[07/29/24 19:56:53] crowsnest:		rtsp_port: 8554
[07/29/24 19:56:53] crowsnest:		port: 8080
[07/29/24 19:56:53] crowsnest:		device: /dev/video0
[07/29/24 19:56:53] crowsnest:		resolution: 640x480
[07/29/24 19:56:53] crowsnest:		max_fps: 15
[07/29/24 19:56:53] crowsnest: INFO: Detect available Devices
[07/29/24 19:56:53] crowsnest: ERROR: No usable Devices Found. Stopping crowsnest.
[07/29/24 19:56:59] crowsnest: crowsnest - A webcam Service for multiple Cams and Stream Services.
[07/29/24 19:56:59] crowsnest: Version: v4.1.9-1-gd75a3ae
[07/29/24 19:56:59] crowsnest: Prepare Startup ...
[07/29/24 19:56:59] crowsnest: INFO: Host information:
[07/29/24 19:56:59] crowsnest: Host Info: Distribution: Debian GNU/Linux 11 (bullseye)
[07/29/24 19:56:59] crowsnest: Host Info: Kernel: Linux 5.16.17-sun50iw6 aarch64
[07/29/24 19:56:59] crowsnest: Host Info: Available CPU Cores: 4
[07/29/24 19:56:59] crowsnest: Host Info: Available Memory: 2032516 kB
[07/29/24 19:56:59] crowsnest: Host Info: Diskspace (avail. / total): 1.5G / 7.0G
[07/29/24 19:56:59] crowsnest: INFO: Checking Dependencies
[07/29/24 19:56:59] crowsnest: Dependency: 'crudini' found in /usr/bin/crudini.
[07/29/24 19:56:59] crowsnest: Dependency: 'find' found in /usr/bin/find.
[07/29/24 19:56:59] crowsnest: Dependency: 'xargs' found in /usr/bin/xargs.
[07/29/24 19:56:59] crowsnest: Dependency: 'ustreamer' found in bin/ustreamer/src/ustreamer.bin.
[07/29/24 19:56:59] crowsnest: Version Control: ustreamer is up to date. (v6.10)
[07/29/24 19:56:59] crowsnest: INFO: Print Configfile: '/home/kkobold/printer_data/config/crowsnest.conf'
[07/29/24 19:56:59] crowsnest:		[crowsnest]
[07/29/24 19:56:59] crowsnest:		log_path: /home/kkobold/printer_data/logs/crowsnest.log
[07/29/24 19:56:59] crowsnest:		log_level: verbose
[07/29/24 19:56:59] crowsnest:		delete_log: false
[07/29/24 19:56:59] crowsnest:		no_proxy: false
[07/29/24 19:56:59] crowsnest:		
[07/29/24 19:56:59] crowsnest:		[cam 1]
[07/29/24 19:56:59] crowsnest:		mode: ustreamer
[07/29/24 19:56:59] crowsnest:		
[07/29/24 19:56:59] crowsnest:		enable_rtsp: false
[07/29/24 19:56:59] crowsnest:		rtsp_port: 8554
[07/29/24 19:56:59] crowsnest:		port: 8080
[07/29/24 19:56:59] crowsnest:		device: /dev/video0
[07/29/24 19:56:59] crowsnest:		resolution: 640x480
[07/29/24 19:56:59] crowsnest:		max_fps: 15
[07/29/24 19:56:59] crowsnest: INFO: Detect available Devices
[07/29/24 19:56:59] crowsnest: ERROR: No usable Devices Found. Stopping crowsnest.
[07/29/24 19:57:05] crowsnest: crowsnest - A webcam Service for multiple Cams and Stream Services.
[07/29/24 19:57:05] crowsnest: Version: v4.1.9-1-gd75a3ae
[07/29/24 19:57:05] crowsnest: Prepare Startup ...
[07/29/24 19:57:05] crowsnest: INFO: Host information:
[07/29/24 19:57:05] crowsnest: Host Info: Distribution: Debian GNU/Linux 11 (bullseye)
[07/29/24 19:57:05] crowsnest: Host Info: Kernel: Linux 5.16.17-sun50iw6 aarch64
[07/29/24 19:57:05] crowsnest: Host Info: Available CPU Cores: 4
[07/29/24 19:57:05] crowsnest: Host Info: Available Memory: 2032516 kB
[07/29/24 19:57:05] crowsnest: Host Info: Diskspace (avail. / total): 1.5G / 7.0G
[07/29/24 19:57:05] crowsnest: INFO: Checking Dependencies
[07/29/24 19:57:05] crowsnest: Dependency: 'crudini' found in /usr/bin/crudini.
[07/29/24 19:57:05] crowsnest: Dependency: 'find' found in /usr/bin/find.
[07/29/24 19:57:05] crowsnest: Dependency: 'xargs' found in /usr/bin/xargs.
[07/29/24 19:57:05] crowsnest: Dependency: 'ustreamer' found in bin/ustreamer/src/ustreamer.bin.
[07/29/24 19:57:06] crowsnest: Version Control: ustreamer is up to date. (v6.10)
[07/29/24 19:57:06] crowsnest: INFO: Print Configfile: '/home/kkobold/printer_data/config/crowsnest.conf'
[07/29/24 19:57:06] crowsnest:		[crowsnest]
[07/29/24 19:57:06] crowsnest:		log_path: /home/kkobold/printer_data/logs/crowsnest.log
[07/29/24 19:57:06] crowsnest:		log_level: verbose
[07/29/24 19:57:06] crowsnest:		delete_log: false
[07/29/24 19:57:06] crowsnest:		no_proxy: false
[07/29/24 19:57:06] crowsnest:		
[07/29/24 19:57:06] crowsnest:		[cam 1]
[07/29/24 19:57:06] crowsnest:		mode: ustreamer
[07/29/24 19:57:06] crowsnest:		
[07/29/24 19:57:06] crowsnest:		enable_rtsp: false
[07/29/24 19:57:06] crowsnest:		rtsp_port: 8554
[07/29/24 19:57:06] crowsnest:		port: 8080
[07/29/24 19:57:06] crowsnest:		device: /dev/video0
[07/29/24 19:57:06] crowsnest:		resolution: 640x480
[07/29/24 19:57:06] crowsnest:		max_fps: 15
[07/29/24 19:57:06] crowsnest: INFO: Detect available Devices
[07/29/24 19:57:06] crowsnest: ERROR: No usable Devices Found. Stopping crowsnest.
[07/29/24 19:57:12] crowsnest: crowsnest - A webcam Service for multiple Cams and Stream Services.
[07/29/24 19:57:12] crowsnest: Version: v4.1.9-1-gd75a3ae
[07/29/24 19:57:12] crowsnest: Prepare Startup ...
[07/29/24 19:57:12] crowsnest: INFO: Host information:
[07/29/24 19:57:12] crowsnest: Host Info: Distribution: Debian GNU/Linux 11 (bullseye)
[07/29/24 19:57:12] crowsnest: Host Info: Kernel: Linux 5.16.17-sun50iw6 aarch64
[07/29/24 19:57:12] crowsnest: Host Info: Available CPU Cores: 4
[07/29/24 19:57:12] crowsnest: Host Info: Available Memory: 2032516 kB
[07/29/24 19:57:12] crowsnest: Host Info: Diskspace (avail. / total): 1.5G / 7.0G
[07/29/24 19:57:12] crowsnest: INFO: Checking Dependencies
[07/29/24 19:57:12] crowsnest: Dependency: 'crudini' found in /usr/bin/crudini.
[07/29/24 19:57:12] crowsnest: Dependency: 'find' found in /usr/bin/find.
[07/29/24 19:57:12] crowsnest: Dependency: 'xargs' found in /usr/bin/xargs.
[07/29/24 19:57:12] crowsnest: Dependency: 'ustreamer' found in bin/ustreamer/src/ustreamer.bin.
[07/29/24 19:57:12] crowsnest: Version Control: ustreamer is up to date. (v6.10)
[07/29/24 19:57:12] crowsnest: INFO: Print Configfile: '/home/kkobold/printer_data/config/crowsnest.conf'
[07/29/24 19:57:12] crowsnest:		[crowsnest]
[07/29/24 19:57:12] crowsnest:		log_path: /home/kkobold/printer_data/logs/crowsnest.log
[07/29/24 19:57:12] crowsnest:		log_level: verbose
[07/29/24 19:57:12] crowsnest:		delete_log: false
[07/29/24 19:57:12] crowsnest:		no_proxy: false
[07/29/24 19:57:12] crowsnest:		
[07/29/24 19:57:12] crowsnest:		[cam 1]
[07/29/24 19:57:12] crowsnest:		mode: ustreamer
[07/29/24 19:57:12] crowsnest:		
[07/29/24 19:57:12] crowsnest:		enable_rtsp: false
[07/29/24 19:57:12] crowsnest:		rtsp_port: 8554
[07/29/24 19:57:12] crowsnest:		port: 8080
[07/29/24 19:57:12] crowsnest:		device: /dev/video0
[07/29/24 19:57:12] crowsnest:		resolution: 640x480
[07/29/24 19:57:12] crowsnest:		max_fps: 15
[07/29/24 19:57:12] crowsnest: INFO: Detect available Devices
[07/29/24 19:57:12] crowsnest: ERROR: No usable Devices Found. Stopping crowsnest.
[07/29/24 19:57:18] crowsnest: crowsnest - A webcam Service for multiple Cams and Stream Services.
[07/29/24 19:57:18] crowsnest: Version: v4.1.9-1-gd75a3ae
[07/29/24 19:57:18] crowsnest: Prepare Startup ...
[07/29/24 19:57:18] crowsnest: INFO: Host information:
[07/29/24 19:57:18] crowsnest: Host Info: Distribution: Debian GNU/Linux 11 (bullseye)
[07/29/24 19:57:18] crowsnest: Host Info: Kernel: Linux 5.16.17-sun50iw6 aarch64
[07/29/24 19:57:18] crowsnest: Host Info: Available CPU Cores: 4
[07/29/24 19:57:18] crowsnest: Host Info: Available Memory: 2032516 kB
[07/29/24 19:57:18] crowsnest: Host Info: Diskspace (avail. / total): 1.5G / 7.0G
[07/29/24 19:57:18] crowsnest: INFO: Checking Dependencies
[07/29/24 19:57:18] crowsnest: Dependency: 'crudini' found in /usr/bin/crudini.
[07/29/24 19:57:18] crowsnest: Dependency: 'find' found in /usr/bin/find.
[07/29/24 19:57:18] crowsnest: Dependency: 'xargs' found in /usr/bin/xargs.
[07/29/24 19:57:18] crowsnest: Dependency: 'ustreamer' found in bin/ustreamer/src/ustreamer.bin.
[07/29/24 19:57:18] crowsnest: Version Control: ustreamer is up to date. (v6.10)
[07/29/24 19:57:18] crowsnest: INFO: Print Configfile: '/home/kkobold/printer_data/config/crowsnest.conf'
[07/29/24 19:57:18] crowsnest:		[crowsnest]
[07/29/24 19:57:18] crowsnest:		log_path: /home/kkobold/printer_data/logs/crowsnest.log
[07/29/24 19:57:18] crowsnest:		log_level: verbose
[07/29/24 19:57:18] crowsnest:		delete_log: false
[07/29/24 19:57:18] crowsnest:		no_proxy: false
[07/29/24 19:57:18] crowsnest:		
[07/29/24 19:57:18] crowsnest:		[cam 1]
[07/29/24 19:57:18] crowsnest:		mode: ustreamer
[07/29/24 19:57:18] crowsnest:		
[07/29/24 19:57:18] crowsnest:		enable_rtsp: false
[07/29/24 19:57:18] crowsnest:		rtsp_port: 8554
[07/29/24 19:57:18] crowsnest:		port: 8080
[07/29/24 19:57:18] crowsnest:		device: /dev/video0
[07/29/24 19:57:18] crowsnest:		resolution: 640x480
[07/29/24 19:57:18] crowsnest:		max_fps: 15
[07/29/24 19:57:18] crowsnest: INFO: Detect available Devices
[07/29/24 19:57:18] crowsnest: ERROR: No usable Devices Found. Stopping crowsnest.
[07/29/24 20:00:24] crowsnest: crowsnest - A webcam Service for multiple Cams and Stream Services.
[07/29/24 20:00:24] crowsnest: Version: v4.1.9-1-gd75a3ae
[07/29/24 20:00:24] crowsnest: Prepare Startup ...
[07/29/24 20:00:24] crowsnest: INFO: Host information:
[07/29/24 20:00:24] crowsnest: Host Info: Distribution: Debian GNU/Linux 11 (bullseye)
[07/29/24 20:00:24] crowsnest: Host Info: Kernel: Linux 5.16.17-sun50iw6 aarch64
[07/29/24 20:00:24] crowsnest: Host Info: Available CPU Cores: 4
[07/29/24 20:00:24] crowsnest: Host Info: Available Memory: 2032516 kB
[07/29/24 20:00:24] crowsnest: Host Info: Diskspace (avail. / total): 1.5G / 7.0G
[07/29/24 20:00:24] crowsnest: INFO: Checking Dependencies
[07/29/24 20:00:24] crowsnest: Dependency: 'crudini' found in /usr/bin/crudini.
[07/29/24 20:00:24] crowsnest: Dependency: 'find' found in /usr/bin/find.
[07/29/24 20:00:24] crowsnest: Dependency: 'xargs' found in /usr/bin/xargs.
[07/29/24 20:00:24] crowsnest: Dependency: 'ustreamer' found in bin/ustreamer/src/ustreamer.bin.
[07/29/24 20:00:24] crowsnest: Version Control: ustreamer is up to date. (v6.10)
[07/29/24 20:00:24] crowsnest: INFO: Print Configfile: '/home/kkobold/printer_data/config/crowsnest.conf'
[07/29/24 20:00:24] crowsnest:		[crowsnest]
[07/29/24 20:00:24] crowsnest:		log_path: /home/kkobold/printer_data/logs/crowsnest.log
[07/29/24 20:00:24] crowsnest:		log_level: verbose
[07/29/24 20:00:24] crowsnest:		delete_log: false
[07/29/24 20:00:24] crowsnest:		no_proxy: false
[07/29/24 20:00:24] crowsnest:		
[07/29/24 20:00:24] crowsnest:		[cam 1]
[07/29/24 20:00:24] crowsnest:		mode: ustreamer
[07/29/24 20:00:24] crowsnest:		
[07/29/24 20:00:24] crowsnest:		enable_rtsp: false
[07/29/24 20:00:24] crowsnest:		rtsp_port: 8554
[07/29/24 20:00:24] crowsnest:		port: 8080
[07/29/24 20:00:24] crowsnest:		device: /dev/video0
[07/29/24 20:00:24] crowsnest:		resolution: 640x480
[07/29/24 20:00:24] crowsnest:		max_fps: 15
[07/29/24 20:00:24] crowsnest: INFO: Detect available Devices
[07/29/24 20:00:24] crowsnest: ERROR: No usable Devices Found. Stopping crowsnest.
[07/29/24 20:41:50] crowsnest: crowsnest - A webcam Service for multiple Cams and Stream Services.
[07/29/24 20:41:50] crowsnest: Version: v4.1.9-1-gd75a3ae
[07/29/24 20:41:50] crowsnest: Prepare Startup ...
[07/29/24 20:41:50] crowsnest: INFO: Host information:
[07/29/24 20:41:50] crowsnest: Host Info: Distribution: Debian GNU/Linux 11 (bullseye)
[07/29/24 20:41:50] crowsnest: Host Info: Kernel: Linux 5.16.17-sun50iw6 aarch64
[07/29/24 20:41:50] crowsnest: Host Info: Available CPU Cores: 4
[07/29/24 20:41:50] crowsnest: Host Info: Available Memory: 2032516 kB
[07/29/24 20:41:50] crowsnest: Host Info: Diskspace (avail. / total): 1.5G / 7.0G
[07/29/24 20:41:50] crowsnest: INFO: Checking Dependencies
[07/29/24 20:41:50] crowsnest: Dependency: 'crudini' found in /usr/bin/crudini.
[07/29/24 20:41:51] crowsnest: Dependency: 'find' found in /usr/bin/find.
[07/29/24 20:41:51] crowsnest: Dependency: 'xargs' found in /usr/bin/xargs.
[07/29/24 20:41:51] crowsnest: Dependency: 'ustreamer' found in bin/ustreamer/src/ustreamer.bin.
[07/29/24 20:41:51] crowsnest: Version Control: ustreamer is up to date. (v6.10)
[07/29/24 20:41:51] crowsnest: INFO: Print Configfile: '/home/kkobold/printer_data/config/crowsnest.conf'
[07/29/24 20:41:51] crowsnest:		[crowsnest]
[07/29/24 20:41:51] crowsnest:		log_path: /home/kkobold/printer_data/logs/crowsnest.log
[07/29/24 20:41:51] crowsnest:		log_level: verbose
[07/29/24 20:41:51] crowsnest:		delete_log: false
[07/29/24 20:41:51] crowsnest:		no_proxy: false
[07/29/24 20:41:51] crowsnest:		
[07/29/24 20:41:51] crowsnest:		[cam 1]
[07/29/24 20:41:51] crowsnest:		mode: ustreamer
[07/29/24 20:41:51] crowsnest:		
[07/29/24 20:41:51] crowsnest:		enable_rtsp: false
[07/29/24 20:41:51] crowsnest:		rtsp_port: 8554
[07/29/24 20:41:51] crowsnest:		port: 8080
[07/29/24 20:41:51] crowsnest:		device: /dev/video0
[07/29/24 20:41:51] crowsnest:		resolution: 640x480
[07/29/24 20:41:51] crowsnest:		max_fps: 15
[07/29/24 20:41:51] crowsnest: INFO: Detect available Devices
[07/29/24 20:41:51] crowsnest: INFO: Found 1 total available Device(s)
[07/29/24 20:41:51] crowsnest: INFO: Found 1 available v4l2 (UVC) camera(s)
[07/29/24 20:41:51] crowsnest: /dev/v4l/by-id/usb-GENERAL_GENERAL_WEBCAM_JH0918_20210304_v012-video-index0 -> /dev/video1
[07/29/24 20:41:51] crowsnest: Supported Formats:
[07/29/24 20:41:51] crowsnest:		[0]: 'MJPG' (Motion-JPEG, compressed)
[07/29/24 20:41:51] crowsnest:		Size: Discrete 1920x1080
[07/29/24 20:41:51] crowsnest:		Interval: Discrete 0.033s (30.000 fps)
[07/29/24 20:41:51] crowsnest:		Interval: Discrete 0.033s (30.000 fps)
[07/29/24 20:41:51] crowsnest:		Size: Discrete 1280x720
[07/29/24 20:41:51] crowsnest:		Interval: Discrete 0.033s (30.000 fps)
[07/29/24 20:41:51] crowsnest:		Interval: Discrete 0.033s (30.000 fps)
[07/29/24 20:41:51] crowsnest:		Interval: Discrete 0.033s (30.000 fps)
[07/29/24 20:41:51] crowsnest:		Interval: Discrete 0.033s (30.000 fps)
[07/29/24 20:41:51] crowsnest:		Size: Discrete 640x480
[07/29/24 20:41:51] crowsnest:		Interval: Discrete 0.033s (30.000 fps)
[07/29/24 20:41:51] crowsnest:		Size: Discrete 1920x1080
[07/29/24 20:41:51] crowsnest:		Interval: Discrete 0.033s (30.000 fps)
[07/29/24 20:41:51] crowsnest:		Interval: Discrete 0.033s (30.000 fps)
[07/29/24 20:41:51] crowsnest:		Size: Discrete 1280x720
[07/29/24 20:41:51] crowsnest:		Interval: Discrete 0.033s (30.000 fps)
[07/29/24 20:41:51] crowsnest:		Interval: Discrete 0.033s (30.000 fps)
[07/29/24 20:41:51] crowsnest:		Interval: Discrete 0.033s (30.000 fps)
[07/29/24 20:41:51] crowsnest:		Interval: Discrete 0.033s (30.000 fps)
[07/29/24 20:41:51] crowsnest:		[1]: 'YUYV' (YUYV 4:2:2)
[07/29/24 20:41:51] crowsnest:		Size: Discrete 640x480
[07/29/24 20:41:51] crowsnest:		Interval: Discrete 0.033s (30.000 fps)
[07/29/24 20:41:51] crowsnest:		Size: Discrete 640x360
[07/29/24 20:41:51] crowsnest:		Interval: Discrete 0.033s (30.000 fps)
[07/29/24 20:41:51] crowsnest:		Size: Discrete 480x270
[07/29/24 20:41:51] crowsnest:		Interval: Discrete 0.033s (30.000 fps)
[07/29/24 20:41:51] crowsnest:		Size: Discrete 320x240
[07/29/24 20:41:51] crowsnest:		Interval: Discrete 0.033s (30.000 fps)
[07/29/24 20:41:51] crowsnest:		Size: Discrete 176x144
[07/29/24 20:41:51] crowsnest:		Interval: Discrete 0.033s (30.000 fps)
[07/29/24 20:41:51] crowsnest: Supported Controls:
[07/29/24 20:41:51] crowsnest:		
[07/29/24 20:41:51] crowsnest:		User Controls
[07/29/24 20:41:51] crowsnest:		
[07/29/24 20:41:51] crowsnest:		brightness 0x00980900 (int)    : min=1 max=255 step=1 default=16 value=16
[07/29/24 20:41:51] crowsnest: Try to start configured Cams / Services...
[07/29/24 20:41:53] crowsnest: INFO: Configuration of Section [cam 1] looks good. Continue ...
[07/29/24 20:41:54] crowsnest: V4L2 Control: No parameters set for [cam 1]. Skipped.
[07/29/24 20:41:56] crowsnest: Starting ustreamer with Device /dev/video0 ...
[07/29/24 20:41:58] crowsnest:  ... Done!
[07/29/24 20:43:21] crowsnest: Shutdown or Killed by User!
[07/29/24 20:43:21] crowsnest: Please come again :)
[07/29/24 20:43:21] crowsnest: Goodbye...
[07/29/24 20:43:32] crowsnest: crowsnest - A webcam Service for multiple Cams and Stream Services.
[07/29/24 20:43:32] crowsnest: Version: v4.1.9-1-gd75a3ae
[07/29/24 20:43:32] crowsnest: Prepare Startup ...
[07/29/24 20:43:33] crowsnest: INFO: Host information:
[07/29/24 20:43:33] crowsnest: Host Info: Distribution: Debian GNU/Linux 11 (bullseye)
[07/29/24 20:43:33] crowsnest: Host Info: Kernel: Linux 5.16.17-sun50iw6 aarch64
[07/29/24 20:43:33] crowsnest: Host Info: Available CPU Cores: 4
[07/29/24 20:43:33] crowsnest: Host Info: Available Memory: 2032516 kB
[07/29/24 20:43:33] crowsnest: Host Info: Diskspace (avail. / total): 1.5G / 7.0G
[07/29/24 20:43:33] crowsnest: INFO: Checking Dependencies
[07/29/24 20:43:33] crowsnest: Dependency: 'crudini' found in /usr/bin/crudini.
[07/29/24 20:43:33] crowsnest: Dependency: 'find' found in /usr/bin/find.
[07/29/24 20:43:33] crowsnest: Dependency: 'xargs' found in /usr/bin/xargs.
[07/29/24 20:43:33] crowsnest: Dependency: 'ustreamer' found in bin/ustreamer/src/ustreamer.bin.
[07/29/24 20:43:33] crowsnest: Version Control: ustreamer is up to date. (v6.10)
[07/29/24 20:43:33] crowsnest: INFO: Print Configfile: '/home/kkobold/printer_data/config/crowsnest.conf'
[07/29/24 20:43:33] crowsnest:		[crowsnest]
[07/29/24 20:43:33] crowsnest:		log_path: /home/kkobold/printer_data/logs/crowsnest.log
[07/29/24 20:43:33] crowsnest:		log_level: verbose
[07/29/24 20:43:33] crowsnest:		delete_log: false
[07/29/24 20:43:33] crowsnest:		no_proxy: false
[07/29/24 20:43:33] crowsnest:		
[07/29/24 20:43:33] crowsnest:		[cam 1]
[07/29/24 20:43:33] crowsnest:		mode: ustreamer
[07/29/24 20:43:33] crowsnest:		
[07/29/24 20:43:33] crowsnest:		enable_rtsp: false
[07/29/24 20:43:33] crowsnest:		rtsp_port: 8554
[07/29/24 20:43:33] crowsnest:		port: 8080
[07/29/24 20:43:33] crowsnest:		device: /dev/video0
[07/29/24 20:43:33] crowsnest:		resolution: 640x480
[07/29/24 20:43:33] crowsnest:		max_fps: 15
[07/29/24 20:43:33] crowsnest: INFO: Detect available Devices
[07/29/24 20:43:33] crowsnest: ERROR: No usable Devices Found. Stopping crowsnest.
[07/29/24 20:43:39] crowsnest: crowsnest - A webcam Service for multiple Cams and Stream Services.
[07/29/24 20:43:39] crowsnest: Version: v4.1.9-1-gd75a3ae
[07/29/24 20:43:39] crowsnest: Prepare Startup ...
[07/29/24 20:43:39] crowsnest: INFO: Host information:
[07/29/24 20:43:39] crowsnest: Host Info: Distribution: Debian GNU/Linux 11 (bullseye)
[07/29/24 20:43:39] crowsnest: Host Info: Kernel: Linux 5.16.17-sun50iw6 aarch64
[07/29/24 20:43:39] crowsnest: Host Info: Available CPU Cores: 4
[07/29/24 20:43:39] crowsnest: Host Info: Available Memory: 2032516 kB
[07/29/24 20:43:39] crowsnest: Host Info: Diskspace (avail. / total): 1.5G / 7.0G
[07/29/24 20:43:40] crowsnest: INFO: Checking Dependencies
[07/29/24 20:43:40] crowsnest: Dependency: 'crudini' found in /usr/bin/crudini.
[07/29/24 20:43:40] crowsnest: Dependency: 'find' found in /usr/bin/find.
[07/29/24 20:43:40] crowsnest: Dependency: 'xargs' found in /usr/bin/xargs.
[07/29/24 20:43:40] crowsnest: Dependency: 'ustreamer' found in bin/ustreamer/src/ustreamer.bin.
[07/29/24 20:43:40] crowsnest: Version Control: ustreamer is up to date. (v6.10)
[07/29/24 20:43:40] crowsnest: INFO: Print Configfile: '/home/kkobold/printer_data/config/crowsnest.conf'
[07/29/24 20:43:40] crowsnest:		[crowsnest]
[07/29/24 20:43:40] crowsnest:		log_path: /home/kkobold/printer_data/logs/crowsnest.log
[07/29/24 20:43:40] crowsnest:		log_level: verbose
[07/29/24 20:43:40] crowsnest:		delete_log: false
[07/29/24 20:43:40] crowsnest:		no_proxy: false
[07/29/24 20:43:40] crowsnest:		
[07/29/24 20:43:40] crowsnest:		[cam 1]
[07/29/24 20:43:40] crowsnest:		mode: ustreamer
[07/29/24 20:43:40] crowsnest:		
[07/29/24 20:43:40] crowsnest:		enable_rtsp: false
[07/29/24 20:43:40] crowsnest:		rtsp_port: 8554
[07/29/24 20:43:40] crowsnest:		port: 8080
[07/29/24 20:43:40] crowsnest:		device: /dev/video0
[07/29/24 20:43:40] crowsnest:		resolution: 640x480
[07/29/24 20:43:40] crowsnest:		max_fps: 15
[07/29/24 20:43:40] crowsnest: INFO: Detect available Devices
[07/29/24 20:43:40] crowsnest: ERROR: No usable Devices Found. Stopping crowsnest.
[07/29/24 20:44:00] crowsnest: crowsnest - A webcam Service for multiple Cams and Stream Services.
[07/29/24 20:44:00] crowsnest: Version: v4.1.9-1-gd75a3ae
[07/29/24 20:44:00] crowsnest: Prepare Startup ...
[07/29/24 20:44:00] crowsnest: INFO: Host information:
[07/29/24 20:44:00] crowsnest: Host Info: Distribution: Debian GNU/Linux 11 (bullseye)
[07/29/24 20:44:00] crowsnest: Host Info: Kernel: Linux 5.16.17-sun50iw6 aarch64
[07/29/24 20:44:00] crowsnest: Host Info: Available CPU Cores: 4
[07/29/24 20:44:00] crowsnest: Host Info: Available Memory: 2032516 kB
[07/29/24 20:44:00] crowsnest: Host Info: Diskspace (avail. / total): 1.5G / 7.0G
[07/29/24 20:44:00] crowsnest: INFO: Checking Dependencies
[07/29/24 20:44:00] crowsnest: Dependency: 'crudini' found in /usr/bin/crudini.
[07/29/24 20:44:00] crowsnest: Dependency: 'find' found in /usr/bin/find.
[07/29/24 20:44:00] crowsnest: Dependency: 'xargs' found in /usr/bin/xargs.
[07/29/24 20:44:00] crowsnest: Dependency: 'ustreamer' found in bin/ustreamer/src/ustreamer.bin.
[07/29/24 20:44:00] crowsnest: Version Control: ustreamer is up to date. (v6.10)
[07/29/24 20:44:00] crowsnest: INFO: Print Configfile: '/home/kkobold/printer_data/config/crowsnest.conf'
[07/29/24 20:44:00] crowsnest:		[crowsnest]
[07/29/24 20:44:00] crowsnest:		log_path: /home/kkobold/printer_data/logs/crowsnest.log
[07/29/24 20:44:00] crowsnest:		log_level: verbose
[07/29/24 20:44:00] crowsnest:		delete_log: false
[07/29/24 20:44:00] crowsnest:		no_proxy: false
[07/29/24 20:44:00] crowsnest:		
[07/29/24 20:44:00] crowsnest:		[cam 1]
[07/29/24 20:44:00] crowsnest:		mode: ustreamer
[07/29/24 20:44:00] crowsnest:		
[07/29/24 20:44:00] crowsnest:		enable_rtsp: false
[07/29/24 20:44:00] crowsnest:		rtsp_port: 8554
[07/29/24 20:44:00] crowsnest:		port: 8080
[07/29/24 20:44:00] crowsnest:		device: /dev/video0
[07/29/24 20:44:00] crowsnest:		resolution: 640x480
[07/29/24 20:44:00] crowsnest:		max_fps: 15
[07/29/24 20:44:00] crowsnest: INFO: Detect available Devices
[07/29/24 20:44:00] crowsnest: ERROR: No usable Devices Found. Stopping crowsnest.
[07/29/24 20:44:06] crowsnest: crowsnest - A webcam Service for multiple Cams and Stream Services.
[07/29/24 20:44:06] crowsnest: Version: v4.1.9-1-gd75a3ae
[07/29/24 20:44:06] crowsnest: Prepare Startup ...
[07/29/24 20:44:06] crowsnest: INFO: Host information:
[07/29/24 20:44:06] crowsnest: Host Info: Distribution: Debian GNU/Linux 11 (bullseye)
[07/29/24 20:44:06] crowsnest: Host Info: Kernel: Linux 5.16.17-sun50iw6 aarch64
[07/29/24 20:44:06] crowsnest: Host Info: Available CPU Cores: 4
[07/29/24 20:44:06] crowsnest: Host Info: Available Memory: 2032516 kB
[07/29/24 20:44:06] crowsnest: Host Info: Diskspace (avail. / total): 1.5G / 7.0G
[07/29/24 20:44:06] crowsnest: INFO: Checking Dependencies
[07/29/24 20:44:06] crowsnest: Dependency: 'crudini' found in /usr/bin/crudini.
[07/29/24 20:44:06] crowsnest: Dependency: 'find' found in /usr/bin/find.
[07/29/24 20:44:06] crowsnest: Dependency: 'xargs' found in /usr/bin/xargs.
[07/29/24 20:44:06] crowsnest: Dependency: 'ustreamer' found in bin/ustreamer/src/ustreamer.bin.
[07/29/24 20:44:06] crowsnest: Version Control: ustreamer is up to date. (v6.10)
[07/29/24 20:44:06] crowsnest: INFO: Print Configfile: '/home/kkobold/printer_data/config/crowsnest.conf'
[07/29/24 20:44:06] crowsnest:		[crowsnest]
[07/29/24 20:44:06] crowsnest:		log_path: /home/kkobold/printer_data/logs/crowsnest.log
[07/29/24 20:44:06] crowsnest:		log_level: verbose
[07/29/24 20:44:06] crowsnest:		delete_log: false
[07/29/24 20:44:06] crowsnest:		no_proxy: false
[07/29/24 20:44:06] crowsnest:		
[07/29/24 20:44:06] crowsnest:		[cam 1]
[07/29/24 20:44:06] crowsnest:		mode: ustreamer
[07/29/24 20:44:06] crowsnest:		
[07/29/24 20:44:06] crowsnest:		enable_rtsp: false
[07/29/24 20:44:06] crowsnest:		rtsp_port: 8554
[07/29/24 20:44:06] crowsnest:		port: 8080
[07/29/24 20:44:06] crowsnest:		device: /dev/video0
[07/29/24 20:44:06] crowsnest:		resolution: 640x480
[07/29/24 20:44:06] crowsnest:		max_fps: 15
[07/29/24 20:44:06] crowsnest: INFO: Detect available Devices
[07/29/24 20:44:07] crowsnest: ERROR: No usable Devices Found. Stopping crowsnest.
[07/29/24 20:44:13] crowsnest: crowsnest - A webcam Service for multiple Cams and Stream Services.
[07/29/24 20:44:13] crowsnest: Version: v4.1.9-1-gd75a3ae
[07/29/24 20:44:13] crowsnest: Prepare Startup ...
[07/29/24 20:44:13] crowsnest: INFO: Host information:
[07/29/24 20:44:13] crowsnest: Host Info: Distribution: Debian GNU/Linux 11 (bullseye)
[07/29/24 20:44:13] crowsnest: Host Info: Kernel: Linux 5.16.17-sun50iw6 aarch64
[07/29/24 20:44:13] crowsnest: Host Info: Available CPU Cores: 4
[07/29/24 20:44:13] crowsnest: Host Info: Available Memory: 2032516 kB
[07/29/24 20:44:13] crowsnest: Host Info: Diskspace (avail. / total): 1.5G / 7.0G
[07/29/24 20:44:13] crowsnest: INFO: Checking Dependencies
[07/29/24 20:44:13] crowsnest: Dependency: 'crudini' found in /usr/bin/crudini.
[07/29/24 20:44:13] crowsnest: Dependency: 'find' found in /usr/bin/find.
[07/29/24 20:44:13] crowsnest: Dependency: 'xargs' found in /usr/bin/xargs.
[07/29/24 20:44:13] crowsnest: Dependency: 'ustreamer' found in bin/ustreamer/src/ustreamer.bin.
[07/29/24 20:44:13] crowsnest: Version Control: ustreamer is up to date. (v6.10)
[07/29/24 20:44:13] crowsnest: INFO: Print Configfile: '/home/kkobold/printer_data/config/crowsnest.conf'
[07/29/24 20:44:13] crowsnest:		[crowsnest]
[07/29/24 20:44:13] crowsnest:		log_path: /home/kkobold/printer_data/logs/crowsnest.log
[07/29/24 20:44:13] crowsnest:		log_level: verbose
[07/29/24 20:44:13] crowsnest:		delete_log: false
[07/29/24 20:44:13] crowsnest:		no_proxy: false
[07/29/24 20:44:13] crowsnest:		
[07/29/24 20:44:13] crowsnest:		[cam 1]
[07/29/24 20:44:13] crowsnest:		mode: ustreamer
[07/29/24 20:44:13] crowsnest:		
[07/29/24 20:44:13] crowsnest:		enable_rtsp: false
[07/29/24 20:44:13] crowsnest:		rtsp_port: 8554
[07/29/24 20:44:13] crowsnest:		port: 8080
[07/29/24 20:44:13] crowsnest:		device: /dev/video0
[07/29/24 20:44:13] crowsnest:		resolution: 640x480
[07/29/24 20:44:13] crowsnest:		max_fps: 15
[07/29/24 20:44:13] crowsnest: INFO: Detect available Devices
[07/29/24 20:44:13] crowsnest: ERROR: No usable Devices Found. Stopping crowsnest.
[07/29/24 20:44:19] crowsnest: crowsnest - A webcam Service for multiple Cams and Stream Services.
[07/29/24 20:44:19] crowsnest: Version: v4.1.9-1-gd75a3ae
[07/29/24 20:44:19] crowsnest: Prepare Startup ...
[07/29/24 20:44:19] crowsnest: INFO: Host information:
[07/29/24 20:44:19] crowsnest: Host Info: Distribution: Debian GNU/Linux 11 (bullseye)
[07/29/24 20:44:19] crowsnest: Host Info: Kernel: Linux 5.16.17-sun50iw6 aarch64
[07/29/24 20:44:19] crowsnest: Host Info: Available CPU Cores: 4
[07/29/24 20:44:19] crowsnest: Host Info: Available Memory: 2032516 kB
[07/29/24 20:44:19] crowsnest: Host Info: Diskspace (avail. / total): 1.5G / 7.0G
[07/29/24 20:44:19] crowsnest: INFO: Checking Dependencies
[07/29/24 20:44:19] crowsnest: Dependency: 'crudini' found in /usr/bin/crudini.
[07/29/24 20:44:19] crowsnest: Dependency: 'find' found in /usr/bin/find.
[07/29/24 20:44:19] crowsnest: Dependency: 'xargs' found in /usr/bin/xargs.
[07/29/24 20:44:19] crowsnest: Dependency: 'ustreamer' found in bin/ustreamer/src/ustreamer.bin.
[07/29/24 20:44:19] crowsnest: Version Control: ustreamer is up to date. (v6.10)
[07/29/24 20:44:19] crowsnest: INFO: Print Configfile: '/home/kkobold/printer_data/config/crowsnest.conf'
[07/29/24 20:44:19] crowsnest:		[crowsnest]
[07/29/24 20:44:19] crowsnest:		log_path: /home/kkobold/printer_data/logs/crowsnest.log
[07/29/24 20:44:19] crowsnest:		log_level: verbose
[07/29/24 20:44:19] crowsnest:		delete_log: false
[07/29/24 20:44:19] crowsnest:		no_proxy: false
[07/29/24 20:44:19] crowsnest:		
[07/29/24 20:44:19] crowsnest:		[cam 1]
[07/29/24 20:44:19] crowsnest:		mode: ustreamer
[07/29/24 20:44:19] crowsnest:		
[07/29/24 20:44:19] crowsnest:		enable_rtsp: false
[07/29/24 20:44:19] crowsnest:		rtsp_port: 8554
[07/29/24 20:44:19] crowsnest:		port: 8080
[07/29/24 20:44:19] crowsnest:		device: /dev/video0
[07/29/24 20:44:19] crowsnest:		resolution: 640x480
[07/29/24 20:44:19] crowsnest:		max_fps: 15
[07/29/24 20:44:19] crowsnest: INFO: Detect available Devices
[07/29/24 20:44:19] crowsnest: INFO: Found 1 total available Device(s)
[07/29/24 20:44:19] crowsnest: INFO: Found 1 available v4l2 (UVC) camera(s)
[07/29/24 20:44:19] crowsnest: /dev/v4l/by-id/usb-GENERAL_GENERAL_WEBCAM_JH0918_20210304_v012-video-index0 -> /dev/video1
[07/29/24 20:44:19] crowsnest: Supported Formats:
[07/29/24 20:44:19] crowsnest:		[0]: 'MJPG' (Motion-JPEG, compressed)
[07/29/24 20:44:19] crowsnest:		Size: Discrete 1920x1080
[07/29/24 20:44:19] crowsnest:		Interval: Discrete 0.033s (30.000 fps)
[07/29/24 20:44:19] crowsnest:		Interval: Discrete 0.033s (30.000 fps)
[07/29/24 20:44:19] crowsnest:		Size: Discrete 1280x720
[07/29/24 20:44:19] crowsnest:		Interval: Discrete 0.033s (30.000 fps)
[07/29/24 20:44:19] crowsnest:		Interval: Discrete 0.033s (30.000 fps)
[07/29/24 20:44:19] crowsnest:		Interval: Discrete 0.033s (30.000 fps)
[07/29/24 20:44:19] crowsnest:		Interval: Discrete 0.033s (30.000 fps)
[07/29/24 20:44:19] crowsnest:		Size: Discrete 640x480
[07/29/24 20:44:19] crowsnest:		Interval: Discrete 0.033s (30.000 fps)
[07/29/24 20:44:19] crowsnest:		Size: Discrete 1920x1080
[07/29/24 20:44:19] crowsnest:		Interval: Discrete 0.033s (30.000 fps)
[07/29/24 20:44:19] crowsnest:		Interval: Discrete 0.033s (30.000 fps)
[07/29/24 20:44:19] crowsnest:		Size: Discrete 1280x720
[07/29/24 20:44:19] crowsnest:		Interval: Discrete 0.033s (30.000 fps)
[07/29/24 20:44:19] crowsnest:		Interval: Discrete 0.033s (30.000 fps)
[07/29/24 20:44:19] crowsnest:		Interval: Discrete 0.033s (30.000 fps)
[07/29/24 20:44:19] crowsnest:		Interval: Discrete 0.033s (30.000 fps)
[07/29/24 20:44:19] crowsnest:		[1]: 'YUYV' (YUYV 4:2:2)
[07/29/24 20:44:19] crowsnest:		Size: Discrete 640x480
[07/29/24 20:44:19] crowsnest:		Interval: Discrete 0.033s (30.000 fps)
[07/29/24 20:44:19] crowsnest:		Size: Discrete 640x360
[07/29/24 20:44:19] crowsnest:		Interval: Discrete 0.033s (30.000 fps)
[07/29/24 20:44:19] crowsnest:		Size: Discrete 480x270
[07/29/24 20:44:19] crowsnest:		Interval: Discrete 0.033s (30.000 fps)
[07/29/24 20:44:19] crowsnest:		Size: Discrete 320x240
[07/29/24 20:44:19] crowsnest:		Interval: Discrete 0.033s (30.000 fps)
[07/29/24 20:44:19] crowsnest:		Size: Discrete 176x144
[07/29/24 20:44:19] crowsnest:		Interval: Discrete 0.033s (30.000 fps)
[07/29/24 20:44:19] crowsnest: Supported Controls:
[07/29/24 20:44:19] crowsnest:		
[07/29/24 20:44:19] crowsnest:		User Controls
[07/29/24 20:44:19] crowsnest:		
[07/29/24 20:44:19] crowsnest:		brightness 0x00980900 (int)    : min=1 max=255 step=1 default=16 value=16
[07/29/24 20:44:19] crowsnest: Try to start configured Cams / Services...
[07/29/24 20:44:22] crowsnest: INFO: Configuration of Section [cam 1] looks good. Continue ...
[07/29/24 20:44:22] crowsnest: V4L2 Control: No parameters set for [cam 1]. Skipped.
[07/29/24 20:44:24] crowsnest: Starting ustreamer with Device /dev/video0 ...
[07/29/24 20:44:26] crowsnest:  ... Done!
[07/29/24 20:53:00] crowsnest: crowsnest - A webcam Service for multiple Cams and Stream Services.
[07/29/24 20:53:00] crowsnest: Version: v4.1.9-1-gd75a3ae
[07/29/24 20:53:00] crowsnest: Prepare Startup ...
[07/29/24 20:53:00] crowsnest: INFO: Host information:
[07/29/24 20:53:00] crowsnest: Host Info: Distribution: Debian GNU/Linux 11 (bullseye)
[07/29/24 20:53:00] crowsnest: Host Info: Kernel: Linux 5.16.17-sun50iw6 aarch64
[07/29/24 20:53:00] crowsnest: Host Info: Available CPU Cores: 4
[07/29/24 20:53:00] crowsnest: Host Info: Available Memory: 2032516 kB
[07/29/24 20:53:00] crowsnest: Host Info: Diskspace (avail. / total): 1.5G / 7.0G
[07/29/24 20:53:00] crowsnest: INFO: Checking Dependencies
[07/29/24 20:53:00] crowsnest: Dependency: 'crudini' found in /usr/bin/crudini.
[07/29/24 20:53:00] crowsnest: Dependency: 'find' found in /usr/bin/find.
[07/29/24 20:53:00] crowsnest: Dependency: 'xargs' found in /usr/bin/xargs.
[07/29/24 20:53:00] crowsnest: Dependency: 'ustreamer' found in bin/ustreamer/src/ustreamer.bin.
[07/29/24 20:53:00] crowsnest: Version Control: ustreamer is up to date. (v6.10)
[07/29/24 20:53:00] crowsnest: INFO: Print Configfile: '/home/kkobold/printer_data/config/crowsnest.conf'
[07/29/24 20:53:00] crowsnest:		[crowsnest]
[07/29/24 20:53:00] crowsnest:		log_path: /home/kkobold/printer_data/logs/crowsnest.log
[07/29/24 20:53:00] crowsnest:		log_level: verbose
[07/29/24 20:53:00] crowsnest:		delete_log: false
[07/29/24 20:53:00] crowsnest:		no_proxy: false
[07/29/24 20:53:00] crowsnest:		
[07/29/24 20:53:00] crowsnest:		[cam 1]
[07/29/24 20:53:00] crowsnest:		mode: ustreamer
[07/29/24 20:53:00] crowsnest:		
[07/29/24 20:53:00] crowsnest:		enable_rtsp: false
[07/29/24 20:53:00] crowsnest:		rtsp_port: 8554
[07/29/24 20:53:00] crowsnest:		port: 8080
[07/29/24 20:53:00] crowsnest:		device: /dev/video0
[07/29/24 20:53:00] crowsnest:		resolution: 640x480
[07/29/24 20:53:00] crowsnest:		max_fps: 15
[07/29/24 20:53:00] crowsnest: INFO: Detect available Devices
[07/29/24 20:53:00] crowsnest: INFO: Found 1 total available Device(s)
[07/29/24 20:53:00] crowsnest: INFO: Found 1 available v4l2 (UVC) camera(s)
[07/29/24 20:53:00] crowsnest: /dev/v4l/by-id/usb-GENERAL_GENERAL_WEBCAM_JH0918_20210304_v012-video-index0 -> /dev/video1
[07/29/24 20:53:00] crowsnest: Supported Formats:
[07/29/24 20:53:00] crowsnest:		[0]: 'MJPG' (Motion-JPEG, compressed)
[07/29/24 20:53:00] crowsnest:		Size: Discrete 1920x1080
[07/29/24 20:53:00] crowsnest:		Interval: Discrete 0.033s (30.000 fps)
[07/29/24 20:53:00] crowsnest:		Interval: Discrete 0.033s (30.000 fps)
[07/29/24 20:53:00] crowsnest:		Size: Discrete 1280x720
[07/29/24 20:53:00] crowsnest:		Interval: Discrete 0.033s (30.000 fps)
[07/29/24 20:53:00] crowsnest:		Interval: Discrete 0.033s (30.000 fps)
[07/29/24 20:53:00] crowsnest:		Interval: Discrete 0.033s (30.000 fps)
[07/29/24 20:53:00] crowsnest:		Interval: Discrete 0.033s (30.000 fps)
[07/29/24 20:53:00] crowsnest:		Size: Discrete 640x480
[07/29/24 20:53:00] crowsnest:		Interval: Discrete 0.033s (30.000 fps)
[07/29/24 20:53:00] crowsnest:		Size: Discrete 1920x1080
[07/29/24 20:53:00] crowsnest:		Interval: Discrete 0.033s (30.000 fps)
[07/29/24 20:53:00] crowsnest:		Interval: Discrete 0.033s (30.000 fps)
[07/29/24 20:53:00] crowsnest:		Size: Discrete 1280x720
[07/29/24 20:53:00] crowsnest:		Interval: Discrete 0.033s (30.000 fps)
[07/29/24 20:53:00] crowsnest:		Interval: Discrete 0.033s (30.000 fps)
[07/29/24 20:53:00] crowsnest:		Interval: Discrete 0.033s (30.000 fps)
[07/29/24 20:53:00] crowsnest:		Interval: Discrete 0.033s (30.000 fps)
[07/29/24 20:53:00] crowsnest:		[1]: 'YUYV' (YUYV 4:2:2)
[07/29/24 20:53:00] crowsnest:		Size: Discrete 640x480
[07/29/24 20:53:00] crowsnest:		Interval: Discrete 0.033s (30.000 fps)
[07/29/24 20:53:00] crowsnest:		Size: Discrete 640x360
[07/29/24 20:53:00] crowsnest:		Interval: Discrete 0.033s (30.000 fps)
[07/29/24 20:53:00] crowsnest:		Size: Discrete 480x270
[07/29/24 20:53:00] crowsnest:		Interval: Discrete 0.033s (30.000 fps)
[07/29/24 20:53:00] crowsnest:		Size: Discrete 320x240
[07/29/24 20:53:00] crowsnest:		Interval: Discrete 0.033s (30.000 fps)
[07/29/24 20:53:00] crowsnest:		Size: Discrete 176x144
[07/29/24 20:53:00] crowsnest:		Interval: Discrete 0.033s (30.000 fps)
[07/29/24 20:53:01] crowsnest: Supported Controls:
[07/29/24 20:53:01] crowsnest:		
[07/29/24 20:53:01] crowsnest:		User Controls
[07/29/24 20:53:01] crowsnest:		
[07/29/24 20:53:01] crowsnest:		brightness 0x00980900 (int)    : min=1 max=255 step=1 default=16 value=16
[07/29/24 20:53:01] crowsnest: Try to start configured Cams / Services...
[07/29/24 20:53:03] crowsnest: INFO: Configuration of Section [cam 1] looks good. Continue ...
[07/29/24 20:53:04] crowsnest: V4L2 Control: No parameters set for [cam 1]. Skipped.
[07/29/24 20:53:06] crowsnest: Starting ustreamer with Device /dev/video0 ...
[07/29/24 20:53:07] crowsnest:  ... Done!
[07/29/24 20:56:01] crowsnest: Shutdown or Killed by User!
[07/29/24 20:56:01] crowsnest: Please come again :)
[07/29/24 20:56:01] crowsnest: Goodbye...
[07/29/24 20:56:02] crowsnest: crowsnest - A webcam Service for multiple Cams and Stream Services.
[07/29/24 20:56:02] crowsnest: Version: v4.1.9-1-gd75a3ae
[07/29/24 20:56:02] crowsnest: Prepare Startup ...
[07/29/24 20:56:02] crowsnest: INFO: Host information:
[07/29/24 20:56:02] crowsnest: Host Info: Distribution: Debian GNU/Linux 11 (bullseye)
[07/29/24 20:56:02] crowsnest: Host Info: Kernel: Linux 5.16.17-sun50iw6 aarch64
[07/29/24 20:56:02] crowsnest: Host Info: Available CPU Cores: 4
[07/29/24 20:56:02] crowsnest: Host Info: Available Memory: 2032516 kB
[07/29/24 20:56:02] crowsnest: Host Info: Diskspace (avail. / total): 1.5G / 7.0G
[07/29/24 20:56:02] crowsnest: INFO: Checking Dependencies
[07/29/24 20:56:02] crowsnest: Dependency: 'crudini' found in /usr/bin/crudini.
[07/29/24 20:56:02] crowsnest: Dependency: 'find' found in /usr/bin/find.
[07/29/24 20:56:03] crowsnest: Dependency: 'xargs' found in /usr/bin/xargs.
[07/29/24 20:56:03] crowsnest: Dependency: 'ustreamer' found in bin/ustreamer/src/ustreamer.bin.
[07/29/24 20:56:03] crowsnest: Version Control: ustreamer is up to date. (v6.10)
[07/29/24 20:56:03] crowsnest: INFO: Print Configfile: '/home/kkobold/printer_data/config/crowsnest.conf'
[07/29/24 20:56:03] crowsnest:		[crowsnest]
[07/29/24 20:56:03] crowsnest:		log_path: /home/kkobold/printer_data/logs/crowsnest.log
[07/29/24 20:56:03] crowsnest:		log_level: verbose
[07/29/24 20:56:03] crowsnest:		delete_log: false
[07/29/24 20:56:03] crowsnest:		no_proxy: true
[07/29/24 20:56:03] crowsnest:		
[07/29/24 20:56:03] crowsnest:		[cam 1]
[07/29/24 20:56:03] crowsnest:		mode: ustreamer
[07/29/24 20:56:03] crowsnest:		
[07/29/24 20:56:03] crowsnest:		enable_rtsp: false
[07/29/24 20:56:03] crowsnest:		rtsp_port: 8554
[07/29/24 20:56:03] crowsnest:		port: 8080
[07/29/24 20:56:03] crowsnest:		device: /dev/video0
[07/29/24 20:56:03] crowsnest:		resolution: 640x480
[07/29/24 20:56:03] crowsnest:		max_fps: 15
[07/29/24 20:56:03] crowsnest: INFO: Detect available Devices
[07/29/24 20:56:03] crowsnest: INFO: Found 1 total available Device(s)
[07/29/24 20:56:03] crowsnest: INFO: Found 1 available v4l2 (UVC) camera(s)
[07/29/24 20:56:03] crowsnest: /dev/v4l/by-id/usb-GENERAL_GENERAL_WEBCAM_JH0918_20210304_v012-video-index0 -> /dev/video1
[07/29/24 20:56:03] crowsnest: Supported Formats:
[07/29/24 20:56:03] crowsnest:		[0]: 'MJPG' (Motion-JPEG, compressed)
[07/29/24 20:56:03] crowsnest:		Size: Discrete 1920x1080
[07/29/24 20:56:03] crowsnest:		Interval: Discrete 0.033s (30.000 fps)
[07/29/24 20:56:03] crowsnest:		Interval: Discrete 0.033s (30.000 fps)
[07/29/24 20:56:03] crowsnest:		Size: Discrete 1280x720
[07/29/24 20:56:03] crowsnest:		Interval: Discrete 0.033s (30.000 fps)
[07/29/24 20:56:03] crowsnest:		Interval: Discrete 0.033s (30.000 fps)
[07/29/24 20:56:03] crowsnest:		Interval: Discrete 0.033s (30.000 fps)
[07/29/24 20:56:03] crowsnest:		Interval: Discrete 0.033s (30.000 fps)
[07/29/24 20:56:03] crowsnest:		Size: Discrete 640x480
[07/29/24 20:56:03] crowsnest:		Interval: Discrete 0.033s (30.000 fps)
[07/29/24 20:56:03] crowsnest:		Size: Discrete 1920x1080
[07/29/24 20:56:03] crowsnest:		Interval: Discrete 0.033s (30.000 fps)
[07/29/24 20:56:03] crowsnest:		Interval: Discrete 0.033s (30.000 fps)
[07/29/24 20:56:03] crowsnest:		Size: Discrete 1280x720
[07/29/24 20:56:03] crowsnest:		Interval: Discrete 0.033s (30.000 fps)
[07/29/24 20:56:03] crowsnest:		Interval: Discrete 0.033s (30.000 fps)
[07/29/24 20:56:03] crowsnest:		Interval: Discrete 0.033s (30.000 fps)
[07/29/24 20:56:03] crowsnest:		Interval: Discrete 0.033s (30.000 fps)
[07/29/24 20:56:03] crowsnest:		[1]: 'YUYV' (YUYV 4:2:2)
[07/29/24 20:56:03] crowsnest:		Size: Discrete 640x480
[07/29/24 20:56:03] crowsnest:		Interval: Discrete 0.033s (30.000 fps)
[07/29/24 20:56:03] crowsnest:		Size: Discrete 640x360
[07/29/24 20:56:03] crowsnest:		Interval: Discrete 0.033s (30.000 fps)
[07/29/24 20:56:03] crowsnest:		Size: Discrete 480x270
[07/29/24 20:56:03] crowsnest:		Interval: Discrete 0.033s (30.000 fps)
[07/29/24 20:56:03] crowsnest:		Size: Discrete 320x240
[07/29/24 20:56:03] crowsnest:		Interval: Discrete 0.033s (30.000 fps)
[07/29/24 20:56:03] crowsnest:		Size: Discrete 176x144
[07/29/24 20:56:03] crowsnest:		Interval: Discrete 0.033s (30.000 fps)
[07/29/24 20:56:03] crowsnest: Supported Controls:
[07/29/24 20:56:03] crowsnest:		
[07/29/24 20:56:03] crowsnest:		User Controls
[07/29/24 20:56:03] crowsnest:		
[07/29/24 20:56:03] crowsnest:		brightness 0x00980900 (int)    : min=1 max=255 step=1 default=16 value=16
[07/29/24 20:56:03] crowsnest: Try to start configured Cams / Services...
[07/29/24 20:56:05] crowsnest: INFO: Configuration of Section [cam 1] looks good. Continue ...
[07/29/24 20:56:06] crowsnest: V4L2 Control: No parameters set for [cam 1]. Skipped.
[07/29/24 20:56:08] crowsnest: INFO: Set to 'no_proxy' mode! Using 0.0.0.0 !
[07/29/24 20:56:08] crowsnest: Starting ustreamer with Device /dev/video0 ...
[07/29/24 20:56:10] crowsnest:  ... Done!
[07/29/24 20:58:52] crowsnest: crowsnest - A webcam Service for multiple Cams and Stream Services.
[07/29/24 20:58:52] crowsnest: Version: v4.1.9-1-gd75a3ae
[07/29/24 20:58:52] crowsnest: Prepare Startup ...
[07/29/24 20:58:52] crowsnest: INFO: Host information:
[07/29/24 20:58:52] crowsnest: Host Info: Distribution: Debian GNU/Linux 11 (bullseye)
[07/29/24 20:58:52] crowsnest: Host Info: Kernel: Linux 5.16.17-sun50iw6 aarch64
[07/29/24 20:58:52] crowsnest: Host Info: Available CPU Cores: 4
[07/29/24 20:58:52] crowsnest: Host Info: Available Memory: 2032516 kB
[07/29/24 20:58:52] crowsnest: Host Info: Diskspace (avail. / total): 1.5G / 7.0G
[07/29/24 20:58:52] crowsnest: INFO: Checking Dependencies
[07/29/24 20:58:52] crowsnest: Dependency: 'crudini' found in /usr/bin/crudini.
[07/29/24 20:58:52] crowsnest: Dependency: 'find' found in /usr/bin/find.
[07/29/24 20:58:52] crowsnest: Dependency: 'xargs' found in /usr/bin/xargs.
[07/29/24 20:58:52] crowsnest: Dependency: 'ustreamer' found in bin/ustreamer/src/ustreamer.bin.
[07/29/24 20:58:52] crowsnest: Version Control: ustreamer is up to date. (v6.10)
[07/29/24 20:58:52] crowsnest: INFO: Print Configfile: '/home/kkobold/printer_data/config/crowsnest.conf'
[07/29/24 20:58:52] crowsnest:		[crowsnest]
[07/29/24 20:58:52] crowsnest:		log_path: /home/kkobold/printer_data/logs/crowsnest.log
[07/29/24 20:58:52] crowsnest:		log_level: verbose
[07/29/24 20:58:52] crowsnest:		delete_log: false
[07/29/24 20:58:52] crowsnest:		no_proxy: true
[07/29/24 20:58:52] crowsnest:		
[07/29/24 20:58:52] crowsnest:		[cam 1]
[07/29/24 20:58:52] crowsnest:		mode: ustreamer
[07/29/24 20:58:52] crowsnest:		
[07/29/24 20:58:52] crowsnest:		enable_rtsp: false
[07/29/24 20:58:52] crowsnest:		rtsp_port: 8554
[07/29/24 20:58:52] crowsnest:		port: 8080
[07/29/24 20:58:52] crowsnest:		device: /dev/video1
[07/29/24 20:58:52] crowsnest:		resolution: 640x480
[07/29/24 20:58:52] crowsnest:		max_fps: 15
[07/29/24 20:58:52] crowsnest: INFO: Detect available Devices
[07/29/24 20:58:52] crowsnest: INFO: Found 1 total available Device(s)
[07/29/24 20:58:52] crowsnest: INFO: Found 1 available v4l2 (UVC) camera(s)
[07/29/24 20:58:52] crowsnest: /dev/v4l/by-id/usb-GENERAL_GENERAL_WEBCAM_JH0918_20210304_v012-video-index0 -> /dev/video1
[07/29/24 20:58:52] crowsnest: Supported Formats:
[07/29/24 20:58:52] crowsnest:		[0]: 'MJPG' (Motion-JPEG, compressed)
[07/29/24 20:58:52] crowsnest:		Size: Discrete 1920x1080
[07/29/24 20:58:52] crowsnest:		Interval: Discrete 0.033s (30.000 fps)
[07/29/24 20:58:52] crowsnest:		Interval: Discrete 0.033s (30.000 fps)
[07/29/24 20:58:52] crowsnest:		Size: Discrete 1280x720
[07/29/24 20:58:52] crowsnest:		Interval: Discrete 0.033s (30.000 fps)
[07/29/24 20:58:52] crowsnest:		Interval: Discrete 0.033s (30.000 fps)
[07/29/24 20:58:52] crowsnest:		Interval: Discrete 0.033s (30.000 fps)
[07/29/24 20:58:52] crowsnest:		Interval: Discrete 0.033s (30.000 fps)
[07/29/24 20:58:52] crowsnest:		Size: Discrete 640x480
[07/29/24 20:58:52] crowsnest:		Interval: Discrete 0.033s (30.000 fps)
[07/29/24 20:58:52] crowsnest:		Size: Discrete 1920x1080
[07/29/24 20:58:52] crowsnest:		Interval: Discrete 0.033s (30.000 fps)
[07/29/24 20:58:52] crowsnest:		Interval: Discrete 0.033s (30.000 fps)
[07/29/24 20:58:52] crowsnest:		Size: Discrete 1280x720
[07/29/24 20:58:52] crowsnest:		Interval: Discrete 0.033s (30.000 fps)
[07/29/24 20:58:52] crowsnest:		Interval: Discrete 0.033s (30.000 fps)
[07/29/24 20:58:52] crowsnest:		Interval: Discrete 0.033s (30.000 fps)
[07/29/24 20:58:52] crowsnest:		Interval: Discrete 0.033s (30.000 fps)
[07/29/24 20:58:52] crowsnest:		[1]: 'YUYV' (YUYV 4:2:2)
[07/29/24 20:58:52] crowsnest:		Size: Discrete 640x480
[07/29/24 20:58:52] crowsnest:		Interval: Discrete 0.033s (30.000 fps)
[07/29/24 20:58:52] crowsnest:		Size: Discrete 640x360
[07/29/24 20:58:52] crowsnest:		Interval: Discrete 0.033s (30.000 fps)
[07/29/24 20:58:52] crowsnest:		Size: Discrete 480x270
[07/29/24 20:58:52] crowsnest:		Interval: Discrete 0.033s (30.000 fps)
[07/29/24 20:58:52] crowsnest:		Size: Discrete 320x240
[07/29/24 20:58:52] crowsnest:		Interval: Discrete 0.033s (30.000 fps)
[07/29/24 20:58:52] crowsnest:		Size: Discrete 176x144
[07/29/24 20:58:52] crowsnest:		Interval: Discrete 0.033s (30.000 fps)
[07/29/24 20:58:53] crowsnest: Supported Controls:
[07/29/24 20:58:53] crowsnest:		
[07/29/24 20:58:53] crowsnest:		User Controls
[07/29/24 20:58:53] crowsnest:		
[07/29/24 20:58:53] crowsnest:		brightness 0x00980900 (int)    : min=1 max=255 step=1 default=16 value=16
[07/29/24 20:58:53] crowsnest: Try to start configured Cams / Services...
[07/29/24 20:58:55] crowsnest: INFO: Configuration of Section [cam 1] looks good. Continue ...
[07/29/24 20:58:56] crowsnest: V4L2 Control: No parameters set for [cam 1]. Skipped.
[07/29/24 20:58:57] crowsnest: INFO: Set to 'no_proxy' mode! Using 0.0.0.0 !
[07/29/24 20:58:58] crowsnest: Starting ustreamer with Device /dev/video1 ...
[07/29/24 20:58:59] crowsnest:  ... Done!
[07/29/24 20:59:44] crowsnest: crowsnest - A webcam Service for multiple Cams and Stream Services.
[07/29/24 20:59:44] crowsnest: Version: v4.1.9-1-gd75a3ae
[07/29/24 20:59:44] crowsnest: Prepare Startup ...
[07/29/24 20:59:44] crowsnest: INFO: Host information:
[07/29/24 20:59:44] crowsnest: Host Info: Distribution: Debian GNU/Linux 11 (bullseye)
[07/29/24 20:59:44] crowsnest: Host Info: Kernel: Linux 5.16.17-sun50iw6 aarch64
[07/29/24 20:59:44] crowsnest: Host Info: Available CPU Cores: 4
[07/29/24 20:59:44] crowsnest: Host Info: Available Memory: 2032516 kB
[07/29/24 20:59:44] crowsnest: Host Info: Diskspace (avail. / total): 1.5G / 7.0G
[07/29/24 20:59:44] crowsnest: INFO: Checking Dependencies
[07/29/24 20:59:44] crowsnest: Dependency: 'crudini' found in /usr/bin/crudini.
[07/29/24 20:59:44] crowsnest: Dependency: 'find' found in /usr/bin/find.
[07/29/24 20:59:44] crowsnest: Dependency: 'xargs' found in /usr/bin/xargs.
[07/29/24 20:59:44] crowsnest: Dependency: 'ustreamer' found in bin/ustreamer/src/ustreamer.bin.
[07/29/24 20:59:44] crowsnest: Version Control: ustreamer is up to date. (v6.10)
[07/29/24 20:59:44] crowsnest: INFO: Print Configfile: '/home/kkobold/printer_data/config/crowsnest.conf'
[07/29/24 20:59:44] crowsnest:		[crowsnest]
[07/29/24 20:59:44] crowsnest:		log_path: /home/kkobold/printer_data/logs/crowsnest.log
[07/29/24 20:59:44] crowsnest:		log_level: verbose
[07/29/24 20:59:44] crowsnest:		delete_log: false
[07/29/24 20:59:44] crowsnest:		no_proxy: true
[07/29/24 20:59:44] crowsnest:		
[07/29/24 20:59:44] crowsnest:		[cam 1]
[07/29/24 20:59:44] crowsnest:		mode: ustreamer
[07/29/24 20:59:44] crowsnest:		
[07/29/24 20:59:44] crowsnest:		enable_rtsp: false
[07/29/24 20:59:44] crowsnest:		rtsp_port: 8554
[07/29/24 20:59:44] crowsnest:		port: 8080
[07/29/24 20:59:44] crowsnest:		device: /dev/video2
[07/29/24 20:59:44] crowsnest:		resolution: 640x480
[07/29/24 20:59:44] crowsnest:		max_fps: 15
[07/29/24 20:59:44] crowsnest: INFO: Detect available Devices
[07/29/24 20:59:44] crowsnest: INFO: Found 1 total available Device(s)
[07/29/24 20:59:44] crowsnest: INFO: Found 1 available v4l2 (UVC) camera(s)
[07/29/24 20:59:44] crowsnest: /dev/v4l/by-id/usb-GENERAL_GENERAL_WEBCAM_JH0918_20210304_v012-video-index0 -> /dev/video1
[07/29/24 20:59:44] crowsnest: Supported Formats:
[07/29/24 20:59:44] crowsnest:		[0]: 'MJPG' (Motion-JPEG, compressed)
[07/29/24 20:59:44] crowsnest:		Size: Discrete 1920x1080
[07/29/24 20:59:44] crowsnest:		Interval: Discrete 0.033s (30.000 fps)
[07/29/24 20:59:44] crowsnest:		Interval: Discrete 0.033s (30.000 fps)
[07/29/24 20:59:44] crowsnest:		Size: Discrete 1280x720
[07/29/24 20:59:44] crowsnest:		Interval: Discrete 0.033s (30.000 fps)
[07/29/24 20:59:44] crowsnest:		Interval: Discrete 0.033s (30.000 fps)
[07/29/24 20:59:44] crowsnest:		Interval: Discrete 0.033s (30.000 fps)
[07/29/24 20:59:44] crowsnest:		Interval: Discrete 0.033s (30.000 fps)
[07/29/24 20:59:44] crowsnest:		Size: Discrete 640x480
[07/29/24 20:59:44] crowsnest:		Interval: Discrete 0.033s (30.000 fps)
[07/29/24 20:59:44] crowsnest:		Size: Discrete 1920x1080
[07/29/24 20:59:44] crowsnest:		Interval: Discrete 0.033s (30.000 fps)
[07/29/24 20:59:44] crowsnest:		Interval: Discrete 0.033s (30.000 fps)
[07/29/24 20:59:44] crowsnest:		Size: Discrete 1280x720
[07/29/24 20:59:44] crowsnest:		Interval: Discrete 0.033s (30.000 fps)
[07/29/24 20:59:44] crowsnest:		Interval: Discrete 0.033s (30.000 fps)
[07/29/24 20:59:44] crowsnest:		Interval: Discrete 0.033s (30.000 fps)
[07/29/24 20:59:44] crowsnest:		Interval: Discrete 0.033s (30.000 fps)
[07/29/24 20:59:44] crowsnest:		[1]: 'YUYV' (YUYV 4:2:2)
[07/29/24 20:59:44] crowsnest:		Size: Discrete 640x480
[07/29/24 20:59:44] crowsnest:		Interval: Discrete 0.033s (30.000 fps)
[07/29/24 20:59:44] crowsnest:		Size: Discrete 640x360
[07/29/24 20:59:44] crowsnest:		Interval: Discrete 0.033s (30.000 fps)
[07/29/24 20:59:44] crowsnest:		Size: Discrete 480x270
[07/29/24 20:59:44] crowsnest:		Interval: Discrete 0.033s (30.000 fps)
[07/29/24 20:59:44] crowsnest:		Size: Discrete 320x240
[07/29/24 20:59:44] crowsnest:		Interval: Discrete 0.033s (30.000 fps)
[07/29/24 20:59:44] crowsnest:		Size: Discrete 176x144
[07/29/24 20:59:44] crowsnest:		Interval: Discrete 0.033s (30.000 fps)
[07/29/24 20:59:44] crowsnest: Supported Controls:
[07/29/24 20:59:44] crowsnest:		
[07/29/24 20:59:44] crowsnest:		User Controls
[07/29/24 20:59:44] crowsnest:		
[07/29/24 20:59:44] crowsnest:		brightness 0x00980900 (int)    : min=1 max=255 step=1 default=16 value=16
[07/29/24 20:59:44] crowsnest: Try to start configured Cams / Services...
[07/29/24 20:59:46] crowsnest: INFO: Configuration of Section [cam 1] looks good. Continue ...
[07/29/24 20:59:47] crowsnest: V4L2 Control: No parameters set for [cam 1]. Skipped.
[07/29/24 20:59:49] crowsnest: INFO: Set to 'no_proxy' mode! Using 0.0.0.0 !
[07/29/24 20:59:49] crowsnest: Starting ustreamer with Device /dev/video2 ...
[07/29/24 20:59:51] crowsnest:  ... Done!
