-------------------- Log Start | Thu Jul 18 22:03:54 2024 --------------------
platform: Linux-5.16.17-sun50iw6-aarch64-with-glibc2.31
data_path: /home/kkobold/printer_data
is_default_data_path: False
config_file: /home/kkobold/printer_data/config/moonraker.conf
startup_warnings: []
verbose: False
debug: False
asyncio_debug: False
is_backup_config: False
is_python_package: False
instance_uuid: 44ae06c3aa124e2aa12bf8e90105b231
unix_socket_path: /home/kkobold/printer_data/comms/moonraker.sock
software_version: v0.8.0-385-gdc00d38
git_branch: master
git_remote: origin
git_repo_url: https://github.com/Arksine/moonraker.git
modified_files: []
unofficial_components: []
log_file: /home/kkobold/printer_data/logs/moonraker.log
python_version: 3.9.2 (default, Feb 28 2021, 17:03:44)  [GCC 10.2.1 20210110]
launch_args: /home/kkobold/moonraker-env/bin/python /home/kkobold/moonraker/moonraker/moonraker.py -d /home/kkobold/printer_data
msgspec_enabled: False
uvloop_enabled: False
2024-07-18 19:03:54,080 [confighelper.py:read_file()] - Configuration File '/home/kkobold/printer_data/config/moonraker.conf' parsed, total size: 451 B
2024-07-18 19:03:54,080 [server.py:add_log_rollover_item()] - 
#################### Moonraker Configuration ####################

[server]
host = 0.0.0.0
port = 7125
klippy_uds_address = /home/kkobold/printer_data/comms/klippy.sock

[authorization]
trusted_clients = 
	10.0.0.0/8
	127.0.0.0/8
	169.254.0.0/16
	172.16.0.0/12
	192.168.0.0/16
	FE80::/10
	::1/128
cors_domains = 
	*.lan
	*.local
	*://localhost
	*://localhost:*
	*://my.mainsail.xyz
	*://app.fluidd.xyz

[octoprint_compat]

[history]

[update_manager]
channel = dev
refresh_interval = 168

#################################################################
All Configuration Files:
/home/kkobold/printer_data/config/moonraker.conf
#################################################################
2024-07-18 19:03:54,253 [server.py:load_component()] - Component (secrets) loaded
2024-07-18 19:03:54,262 [server.py:load_component()] - Component (template) loaded
2024-07-18 19:03:54,273 [server.py:load_component()] - Component (klippy_connection) loaded
2024-07-18 19:03:54,830 [server.py:load_component()] - Component (application) loaded
2024-07-18 19:03:54,869 [server.py:load_component()] - Component (websockets) loaded
2024-07-18 19:03:54,934 [server.py:load_component()] - Component (dbus_manager) loaded
2024-07-18 19:03:55,003 [server.py:add_log_rollover_item()] - Loading Sqlite database provider. Sqlite Version: 3.34.1
2024-07-18 19:03:55,033 [server.py:add_log_rollover_item()] - Created default SQL table namespace_store
2024-07-18 19:03:55,039 [server.py:add_log_rollover_item()] - Unsafe Shutdown Count: 0
2024-07-18 19:03:55,047 [server.py:load_component()] - Component (database) loaded
2024-07-18 19:03:55,171 [file_manager.py:__init__()] - Using File System Observer: inotify
2024-07-18 19:03:55,198 [server.py:load_component()] - Component (file_manager) loaded
2024-07-18 19:03:55,254 [database.py:register_table()] - Creating table authorized_users...
2024-07-18 19:03:55,271 [authorization.py:__init__()] - Authorization Configuration Loaded
Trusted Clients:
10.0.0.0/8
127.0.0.0/8
169.254.0.0/16
172.16.0.0/12
192.168.0.0/16
fe80::/10
::1/128
CORS Domains:
.*\.lan
.*\.local
.*://localhost
.*://localhost:.*
.*://my\.mainsail\.xyz
.*://app\.fluidd\.xyz
2024-07-18 19:03:55,276 [server.py:load_component()] - Component (authorization) loaded
2024-07-18 19:03:55,293 [server.py:load_component()] - Component (klippy_apis) loaded
2024-07-18 19:03:55,635 [server.py:add_log_rollover_item()] - 
System Info:

***python***
  version: (3, 9, 2, 'final', 0)
  version_string: 3.9.2 (default, Feb 28 2021, 17:03:44)  [GCC 10.2.1 20210110]

***cpu_info***
  cpu_count: 4
  bits: 64bit
  processor: aarch64
  cpu_desc: 
  serial_number: 
  hardware_desc: 
  model: 
  total_memory: 2032516
  memory_units: kB

***sd_info***

***distribution***
  name: Debian GNU/Linux 11 (bullseye)
  id: debian
  version: 11
  version_parts: {'major': '11', 'minor': '', 'build_number': ''}
  like: 
  codename: bullseye
  release_info: {'name': '# PLEASE DO NOT EDIT THIS FILE', 'id': 'orangepi'}
  kernel_version: 5.16.17-sun50iw6

***virtualization***
  virt_type: none
  virt_identifier: none

***network***

***canbus***

***Allowed Services***
  klipper_mcu
  webcamd
  MoonCord
  KlipperScreen
  moonraker-telegram-bot
  moonraker-obico
  sonar
  crowsnest
  octoeverywhere
  ratos-configurator
2024-07-18 19:03:55,651 [server.py:load_component()] - Component (shell_command) loaded
2024-07-18 19:03:55,652 [machine.py:__init__()] - Using System Provider: systemd_dbus
2024-07-18 19:03:55,662 [server.py:add_log_rollover_item()] - Module libcamera unavailble, import failed
2024-07-18 19:03:55,663 [server.py:load_component()] - Component (machine) loaded
2024-07-18 19:03:55,672 [server.py:load_component()] - Component (data_store) loaded
2024-07-18 19:03:55,688 [proc_stats.py:__init__()] - Unable to find 'vcgencmd', throttle checking disabled
2024-07-18 19:03:55,689 [server.py:load_component()] - Component (proc_stats) loaded
2024-07-18 19:03:55,695 [server.py:load_component()] - Component (job_state) loaded
2024-07-18 19:03:55,711 [server.py:load_component()] - Component (job_queue) loaded
2024-07-18 19:03:55,733 [database.py:register_table()] - Creating table job_history...
2024-07-18 19:03:55,745 [database.py:register_table()] - Creating table job_totals...
2024-07-18 19:03:55,751 [history.py:migrate()] - Migrating history totals from moonraker namespace...
2024-07-18 19:03:55,764 [server.py:load_component()] - Component (history) loaded
2024-07-18 19:03:55,787 [server.py:load_component()] - Component (http_client) loaded
2024-07-18 19:03:55,815 [server.py:load_component()] - Component (announcements) loaded
2024-07-18 19:03:55,834 [server.py:load_component()] - Component (webcam) loaded
2024-07-18 19:03:55,846 [server.py:load_component()] - Component (extensions) loaded
2024-07-18 19:03:55,862 [server.py:load_component()] - Component (octoprint_compat) loaded
2024-07-18 19:03:56,079 [base_deploy.py:log_info()] - Git Repo moonraker: Detected virtualenv: /home/kkobold/moonraker-env
2024-07-18 19:03:56,084 [base_deploy.py:log_info()] - Git Repo klipper: Detected virtualenv: /home/kkobold/klippy-env
2024-07-18 19:03:56,092 [server.py:load_component()] - Component (update_manager) loaded
2024-07-18 19:03:56,095 [server.py:_initialize_component()] - Performing Component Post Init: [dbus_manager]
2024-07-18 19:03:56,112 [server.py:_initialize_component()] - Performing Component Post Init: [database]
2024-07-18 19:03:56,120 [server.py:_initialize_component()] - Performing Component Post Init: [file_manager]
2024-07-18 19:03:56,121 [server.py:_initialize_component()] - Performing Component Post Init: [authorization]
2024-07-18 19:03:56,123 [server.py:_initialize_component()] - Performing Component Post Init: [machine]
2024-07-18 19:03:56,126 [machine.py:update_usb_ids()] - Fetching latest usb.ids file...
2024-07-18 19:03:56,135 [machine.py:validation_init()] - Installation version in database up to date
2024-07-18 19:03:56,466 [machine.py:check_virt_status()] - No Virtualization Detected
2024-07-18 19:03:56,491 [machine.py:_find_public_ip()] - Detected Local IP: 192.168.2.135
2024-07-18 19:03:56,494 [webcam.py:_set_default_host_ip()] - Default public webcam address set: http://192.168.2.135
2024-07-18 19:03:56,578 [server.py:add_log_rollover_item()] - 
Systemd unit moonraker.service:
unit_name: moonraker.service
is_default: True
manager: systemd
Properties:
**Requires=['system.slice', 'network-online.target', '-.mount', 'sysinit.target']
**After=['systemd-journald.socket', 'basic.target', 'system.slice', 'network-online.target', '-.mount', 'sysinit.target']
**SupplementaryGroups=['moonraker-admin']
**EnvironmentFiles=/home/kkobold/printer_data/systemd/moonraker.env
**ExecStart=/home/kkobold/moonraker-env/bin/python $MOONRAKER_ARGS
**WorkingDirectory=/home/kkobold/moonraker
**FragmentPath=/etc/systemd/system/moonraker.service
**Description=API Server for Klipper SV1
**User=kkobold
2024-07-18 19:03:56,578 [server.py:_initialize_component()] - Performing Component Post Init: [proc_stats]
2024-07-18 19:03:56,578 [server.py:_initialize_component()] - Performing Component Post Init: [history]
2024-07-18 19:03:56,603 [server.py:_initialize_component()] - Performing Component Post Init: [announcements]
2024-07-18 19:03:56,610 [server.py:_initialize_component()] - Performing Component Post Init: [webcam]
2024-07-18 19:03:56,611 [webcam.py:_set_default_host_ip()] - Default public webcam address set: http://192.168.2.135
2024-07-18 19:03:56,614 [server.py:_initialize_component()] - Performing Component Post Init: [klippy_connection]
2024-07-18 19:03:56,615 [server.py:_initialize_component()] - Performing Component Post Init: [update_manager]
2024-07-18 19:03:56,657 [base_deploy.py:log_info()] - PackageDeploy: PackageKit Provider Configured
2024-07-18 19:03:56,666 [confighelper.py:create_backup()] - Backing up last working configuration to '/home/kkobold/printer_data/config/.moonraker.conf.bkp'
2024-07-18 19:03:56,671 [extensions.py:start_unix_server()] - Creating Unix Domain Socket at '/home/kkobold/printer_data/comms/moonraker.sock'
2024-07-18 19:03:56,672 [server.py:start_server()] - Starting Moonraker on (0.0.0.0, 7125), Hostname: gatekeeper
2024-07-18 19:03:56,674 [application.py:listen()] - SSL Certificate/Key not configured, aborting HTTPS Server startup
2024-07-18 19:03:56,928 [klippy_connection.py:_do_connect()] - Klippy Connection Established
2024-07-18 19:03:57,046 [server.py:add_log_rollover_item()] - 
Systemd unit klipper.service:
unit_name: klipper.service
is_default: True
manager: systemd
Properties:
**Requires=['sysinit.target', '-.mount', 'system.slice']
**After=['sysinit.target', 'basic.target', 'network-online.target', '-.mount', 'system.slice', 'systemd-journald.socket']
**SupplementaryGroups=[]
**EnvironmentFiles=/home/kkobold/printer_data/systemd/klipper.env
**ExecStart=/home/kkobold/klippy-env/bin/python $KLIPPER_ARGS
**WorkingDirectory=/home/kkobold/klipper
**FragmentPath=/etc/systemd/system/klipper.service
**Description=Klipper 3D Printer Firmware SV1
**User=kkobold
2024-07-18 19:03:57,300 [server.py:add_log_rollover_item()] - Klipper Version: v0.12.0-267-g12cd1d9e
2024-07-18 19:03:57,319 [klippy_connection.py:_request_initial_subscriptions()] - Webhooks Subscribed
2024-07-18 19:03:57,322 [klippy_connection.py:_request_initial_subscriptions()] - GCode Output Subscribed
2024-07-18 19:03:57,325 [klippy_connection.py:_check_ready()] - 
mcu 'mcu': Unable to connect
Once the underlying issue is corrected, use the
"FIRMWARE_RESTART" command to reset the firmware, reload the
config, and restart the host software.
Error configuring printer

2024-07-18 19:03:57,615 [machine.py:update_usb_ids()] - Writing usb.ids file...
2024-07-18 19:03:59,511 [base_deploy.py:log_info()] - PackageKit: Detected 88 package updates:
adduser
avahi-autoipd
base-files
bind9-dnsutils
bind9-host
bind9-libs
bsdextrautils
command-not-found
cpio
dbus
dbus-user-session
debian-archive-keyring
distro-info-data
dnsutils
dpkg-dev
fdisk
file
firefox-esr
git-man
ifenslave
iperf3
isc-dhcp-client
less
libavcodec58
libavresample4
libavutil56
libblkid1
libbluetooth3
libbsd0
libc-bin
libc-l10n
libcurl3-gnutls
libdav1d4
libdbus-1-3
libdpkg-perl
libfdisk1
libgdk-pixbuf-2.0-0
libgdk-pixbuf2.0-common
libgnutls30
libgssapi-krb5-2
libiperf0
libjson-c5
libk5crypto3
libkrb5-3
libkrb5support0
libksba8
libmagic-mgc
libmagic1
libmount1
libndp0
libnghttp2-14
libnss-myhostname
libntfs-3g883
libpam-systemd
libpcre2-8-0
libsmartcols1
libssh2-1
libssl-dev
libssl1.1
libswresample3
libsystemd0
libtasn1-6
libudev1
libuv1
libvpx6
libxapian30
libxml2
linux-libc-dev
locales
logrotate
mount
nano
ncurses-base
ncurses-term
ntfs-3g
openssh-client
openssh-server
openssh-sftp-server
openssl
python3-distro-info
rfkill
sudo
systemd
systemd-sysv
tzdata
udev
util-linux
wpasupplicant
2024-07-18 19:03:59,536 [shell_command.py:_check_proc_success()] - Command (git -C /home/kkobold/moonraker status --porcelain -b) successfully finished
2024-07-18 19:03:59,553 [shell_command.py:_check_proc_success()] - Command (git -C /home/kkobold/moonraker branch --list --no-color) successfully finished
2024-07-18 19:03:59,587 [shell_command.py:_check_proc_success()] - Command (git -C /home/kkobold/moonraker remote get-url origin) successfully finished
2024-07-18 19:04:00,333 [shell_command.py:_check_proc_success()] - Command (git -C /home/kkobold/moonraker fetch origin --prune --progress) successfully finished
2024-07-18 19:04:00,352 [shell_command.py:_check_proc_success()] - Command (git -C /home/kkobold/moonraker merge-base --is-ancestor HEAD origin/master) successfully finished
2024-07-18 19:04:00,370 [shell_command.py:_check_proc_success()] - Command (git -C /home/kkobold/moonraker rev-parse HEAD) successfully finished
2024-07-18 19:04:00,403 [shell_command.py:_check_proc_success()] - Command (git -C /home/kkobold/moonraker describe --always --tags --long --dirty --abbrev=8) successfully finished
2024-07-18 19:04:00,420 [shell_command.py:_check_proc_success()] - Command (git -C /home/kkobold/moonraker rev-parse origin/master) successfully finished
2024-07-18 19:04:00,451 [shell_command.py:_check_proc_success()] - Command (git -C /home/kkobold/moonraker describe origin/master --always --tags --long --abbrev=8) successfully finished
2024-07-18 19:04:00,471 [shell_command.py:_check_proc_success()] - Command (git -C /home/kkobold/moonraker rev-list HEAD..dc00d38b01915b9aea736999df9287b2846dd6bf --count) successfully finished
2024-07-18 19:04:00,472 [git_deploy.py:log_repo_info()] - Git Repo moonraker Detected:
Owner: Arksine
Repository Name: moonraker
Path: /home/kkobold/moonraker
Remote: origin
Branch: master
Remote URL: https://github.com/Arksine/moonraker.git
Recovery URL: https://github.com/Arksine/moonraker.git
Current Commit SHA: dc00d38b01915b9aea736999df9287b2846dd6bf
Upstream Commit SHA: dc00d38b01915b9aea736999df9287b2846dd6bf
Current Version: v0.8.0-385-gdc00d38b
Upstream Version: v0.8.0-385-gdc00d38b
Rollback Commit: dc00d38b01915b9aea736999df9287b2846dd6bf
Rollback Branch: master
Rollback Version: v0.8.0-385-gdc00d38b
Is Dirty: False
Is Detached: False
Is Shallow: False
Commits Behind Count: 0
Diverged: False
Pinned Commit: None
2024-07-18 19:04:00,472 [base_deploy.py:log_info()] - Git Repo moonraker: Channel: dev
2024-07-18 19:04:00,472 [base_deploy.py:log_info()] - Git Repo moonraker: Validity check for git repo passed
2024-07-18 19:04:00,514 [shell_command.py:_check_proc_success()] - Command (git -C /home/kkobold/klipper status --porcelain -b) successfully finished
2024-07-18 19:04:00,532 [shell_command.py:_check_proc_success()] - Command (git -C /home/kkobold/klipper branch --list --no-color) successfully finished
2024-07-18 19:04:00,565 [shell_command.py:_check_proc_success()] - Command (git -C /home/kkobold/klipper remote get-url origin) successfully finished
2024-07-18 19:04:01,337 [shell_command.py:_check_proc_success()] - Command (git -C /home/kkobold/klipper fetch origin --prune --progress) successfully finished
2024-07-18 19:04:01,355 [shell_command.py:_check_proc_success()] - Command (git -C /home/kkobold/klipper merge-base --is-ancestor HEAD origin/master) successfully finished
2024-07-18 19:04:01,372 [shell_command.py:_check_proc_success()] - Command (git -C /home/kkobold/klipper rev-parse HEAD) successfully finished
2024-07-18 19:04:01,524 [shell_command.py:_check_proc_success()] - Command (git -C /home/kkobold/klipper describe --always --tags --long --dirty --abbrev=8) successfully finished
2024-07-18 19:04:01,541 [shell_command.py:_check_proc_success()] - Command (git -C /home/kkobold/klipper rev-parse origin/master) successfully finished
2024-07-18 19:04:01,676 [shell_command.py:_check_proc_success()] - Command (git -C /home/kkobold/klipper describe origin/master --always --tags --long --abbrev=8) successfully finished
2024-07-18 19:04:01,694 [shell_command.py:_check_proc_success()] - Command (git -C /home/kkobold/klipper rev-list HEAD..12cd1d9e81c32b26ccc319af1dfc3633438908f1 --count) successfully finished
2024-07-18 19:04:01,695 [git_deploy.py:log_repo_info()] - Git Repo klipper Detected:
Owner: Klipper3d
Repository Name: klipper
Path: /home/kkobold/klipper
Remote: origin
Branch: master
Remote URL: https://github.com/Klipper3d/klipper
Recovery URL: https://github.com/Klipper3d/klipper
Current Commit SHA: 12cd1d9e81c32b26ccc319af1dfc3633438908f1
Upstream Commit SHA: 12cd1d9e81c32b26ccc319af1dfc3633438908f1
Current Version: v0.12.0-267-g12cd1d9e
Upstream Version: v0.12.0-267-g12cd1d9e
Rollback Commit: 12cd1d9e81c32b26ccc319af1dfc3633438908f1
Rollback Branch: master
Rollback Version: v0.12.0-267-g12cd1d9e
Is Dirty: False
Is Detached: False
Is Shallow: False
Commits Behind Count: 0
Diverged: False
Pinned Commit: None
2024-07-18 19:04:01,696 [base_deploy.py:log_info()] - Git Repo klipper: Channel: dev
2024-07-18 19:04:01,696 [base_deploy.py:log_info()] - Git Repo klipper: Validity check for git repo passed
2024-07-18 19:13:28,206 [server.py:_handle_term_signal()] - Exiting with signal SIGTERM
2024-07-18 19:13:28,328 [klippy_connection.py:_on_connection_closed()] - Klippy Connection Removed
2024-07-18 19:13:28,347 [server.py:main()] - Server Shutdown
-------------------- Log Start | Thu Jul 18 22:13:29 2024 --------------------
platform: Linux-5.16.17-sun50iw6-aarch64-with-glibc2.31
data_path: /home/kkobold/printer_data
is_default_data_path: False
config_file: /home/kkobold/printer_data/config/moonraker.conf
startup_warnings: []
verbose: False
debug: False
asyncio_debug: False
is_backup_config: False
is_python_package: False
instance_uuid: 44ae06c3aa124e2aa12bf8e90105b231
unix_socket_path: /home/kkobold/printer_data/comms/moonraker.sock
software_version: v0.8.0-385-gdc00d38
git_branch: master
git_remote: origin
git_repo_url: https://github.com/Arksine/moonraker.git
modified_files: []
unofficial_components: []
log_file: /home/kkobold/printer_data/logs/moonraker.log
python_version: 3.9.2 (default, Feb 28 2021, 17:03:44)  [GCC 10.2.1 20210110]
launch_args: /home/kkobold/moonraker-env/bin/python /home/kkobold/moonraker/moonraker/moonraker.py -d /home/kkobold/printer_data
msgspec_enabled: False
uvloop_enabled: False
2024-07-18 19:13:29,889 [confighelper.py:read_file()] - Configuration File '/home/kkobold/printer_data/config/moonraker.conf' parsed, total size: 717 B
2024-07-18 19:13:29,890 [server.py:add_log_rollover_item()] - 
#################### Moonraker Configuration ####################

[server]
host = 0.0.0.0
port = 7125
klippy_uds_address = /home/kkobold/printer_data/comms/klippy.sock

[authorization]
trusted_clients = 
	10.0.0.0/8
	127.0.0.0/8
	169.254.0.0/16
	172.16.0.0/12
	192.168.0.0/16
	FE80::/10
	::1/128
cors_domains = 
	*.lan
	*.local
	*://localhost
	*://localhost:*
	*://my.mainsail.xyz
	*://app.fluidd.xyz

[octoprint_compat]

[history]

[update_manager]
channel = dev
refresh_interval = 168

[update_manager fluidd-config]
type = git_repo
primary_branch = master
path = ~/fluidd-config
origin = https://github.com/fluidd-core/fluidd-config.git
managed_services = klipper

[update_manager fluidd]
type = web
channel = stable
repo = fluidd-core/fluidd
path = ~/fluidd

#################################################################
All Configuration Files:
/home/kkobold/printer_data/config/moonraker.conf
#################################################################
2024-07-18 19:13:30,010 [server.py:load_component()] - Component (secrets) loaded
2024-07-18 19:13:30,018 [server.py:load_component()] - Component (template) loaded
2024-07-18 19:13:30,028 [server.py:load_component()] - Component (klippy_connection) loaded
2024-07-18 19:13:30,527 [server.py:load_component()] - Component (application) loaded
2024-07-18 19:13:30,551 [server.py:load_component()] - Component (websockets) loaded
2024-07-18 19:13:30,613 [server.py:load_component()] - Component (dbus_manager) loaded
2024-07-18 19:13:30,624 [server.py:add_log_rollover_item()] - Loading Sqlite database provider. Sqlite Version: 3.34.1
2024-07-18 19:13:30,627 [server.py:add_log_rollover_item()] - Unsafe Shutdown Count: 0
2024-07-18 19:13:30,632 [server.py:load_component()] - Component (database) loaded
2024-07-18 19:13:30,659 [file_manager.py:__init__()] - Using File System Observer: inotify
2024-07-18 19:13:30,687 [server.py:load_component()] - Component (file_manager) loaded
2024-07-18 19:13:30,712 [database.py:register_table()] - Found registered table authorized_users
2024-07-18 19:13:30,715 [authorization.py:__init__()] - Authorization Configuration Loaded
Trusted Clients:
10.0.0.0/8
127.0.0.0/8
169.254.0.0/16
172.16.0.0/12
192.168.0.0/16
fe80::/10
::1/128
CORS Domains:
.*\.lan
.*\.local
.*://localhost
.*://localhost:.*
.*://my\.mainsail\.xyz
.*://app\.fluidd\.xyz
2024-07-18 19:13:30,721 [server.py:load_component()] - Component (authorization) loaded
2024-07-18 19:13:30,728 [server.py:load_component()] - Component (klippy_apis) loaded
2024-07-18 19:13:30,969 [server.py:add_log_rollover_item()] - 
System Info:

***python***
  version: (3, 9, 2, 'final', 0)
  version_string: 3.9.2 (default, Feb 28 2021, 17:03:44)  [GCC 10.2.1 20210110]

***cpu_info***
  cpu_count: 4
  bits: 64bit
  processor: aarch64
  cpu_desc: 
  serial_number: 
  hardware_desc: 
  model: 
  total_memory: 2032516
  memory_units: kB

***sd_info***

***distribution***
  name: Debian GNU/Linux 11 (bullseye)
  id: debian
  version: 11
  version_parts: {'major': '11', 'minor': '', 'build_number': ''}
  like: 
  codename: bullseye
  release_info: {'name': '# PLEASE DO NOT EDIT THIS FILE', 'id': 'orangepi'}
  kernel_version: 5.16.17-sun50iw6

***virtualization***
  virt_type: none
  virt_identifier: none

***network***

***canbus***

***Allowed Services***
  klipper_mcu
  webcamd
  MoonCord
  KlipperScreen
  moonraker-telegram-bot
  moonraker-obico
  sonar
  crowsnest
  octoeverywhere
  ratos-configurator
2024-07-18 19:13:30,973 [server.py:load_component()] - Component (shell_command) loaded
2024-07-18 19:13:30,973 [machine.py:__init__()] - Using System Provider: systemd_dbus
2024-07-18 19:13:30,986 [server.py:add_log_rollover_item()] - Module libcamera unavailble, import failed
2024-07-18 19:13:30,986 [server.py:load_component()] - Component (machine) loaded
2024-07-18 19:13:30,990 [server.py:load_component()] - Component (data_store) loaded
2024-07-18 19:13:30,993 [proc_stats.py:__init__()] - Unable to find 'vcgencmd', throttle checking disabled
2024-07-18 19:13:30,994 [server.py:load_component()] - Component (proc_stats) loaded
2024-07-18 19:13:30,997 [server.py:load_component()] - Component (job_state) loaded
2024-07-18 19:13:31,003 [server.py:load_component()] - Component (job_queue) loaded
2024-07-18 19:13:31,006 [database.py:register_table()] - Found registered table job_history
2024-07-18 19:13:31,007 [database.py:register_table()] - Found registered table job_totals
2024-07-18 19:13:31,011 [server.py:load_component()] - Component (history) loaded
2024-07-18 19:13:31,018 [server.py:load_component()] - Component (http_client) loaded
2024-07-18 19:13:31,026 [server.py:load_component()] - Component (announcements) loaded
2024-07-18 19:13:31,031 [server.py:load_component()] - Component (webcam) loaded
2024-07-18 19:13:31,035 [server.py:load_component()] - Component (extensions) loaded
2024-07-18 19:13:31,043 [server.py:load_component()] - Component (octoprint_compat) loaded
2024-07-18 19:13:31,111 [base_deploy.py:log_info()] - Git Repo moonraker: Detected virtualenv: /home/kkobold/moonraker-env
2024-07-18 19:13:31,116 [base_deploy.py:log_info()] - Git Repo klipper: Detected virtualenv: /home/kkobold/klippy-env
2024-07-18 19:13:31,128 [server.py:load_component()] - Component (update_manager) loaded
2024-07-18 19:13:31,130 [server.py:_initialize_component()] - Performing Component Post Init: [dbus_manager]
2024-07-18 19:13:31,148 [server.py:_initialize_component()] - Performing Component Post Init: [database]
2024-07-18 19:13:31,158 [server.py:_initialize_component()] - Performing Component Post Init: [file_manager]
2024-07-18 19:13:31,160 [server.py:_initialize_component()] - Performing Component Post Init: [authorization]
2024-07-18 19:13:31,162 [server.py:_initialize_component()] - Performing Component Post Init: [machine]
2024-07-18 19:13:31,164 [machine.py:validation_init()] - Installation version in database up to date
2024-07-18 19:13:31,463 [machine.py:check_virt_status()] - No Virtualization Detected
2024-07-18 19:13:31,480 [machine.py:_find_public_ip()] - Detected Local IP: 192.168.2.135
2024-07-18 19:13:31,483 [webcam.py:_set_default_host_ip()] - Default public webcam address set: http://192.168.2.135
2024-07-18 19:13:31,566 [server.py:add_log_rollover_item()] - 
Systemd unit moonraker.service:
unit_name: moonraker.service
is_default: True
manager: systemd
Properties:
**Requires=['network-online.target', 'sysinit.target', 'system.slice', '-.mount']
**After=['systemd-journald.socket', 'network-online.target', 'sysinit.target', 'basic.target', 'system.slice', '-.mount']
**SupplementaryGroups=['moonraker-admin']
**EnvironmentFiles=/home/kkobold/printer_data/systemd/moonraker.env
**ExecStart=/home/kkobold/moonraker-env/bin/python $MOONRAKER_ARGS
**WorkingDirectory=/home/kkobold/moonraker
**FragmentPath=/etc/systemd/system/moonraker.service
**Description=API Server for Klipper SV1
**User=kkobold
2024-07-18 19:13:31,566 [server.py:_initialize_component()] - Performing Component Post Init: [proc_stats]
2024-07-18 19:13:31,566 [server.py:_initialize_component()] - Performing Component Post Init: [history]
2024-07-18 19:13:31,576 [server.py:_initialize_component()] - Performing Component Post Init: [announcements]
2024-07-18 19:13:31,598 [server.py:_initialize_component()] - Performing Component Post Init: [webcam]
2024-07-18 19:13:31,598 [webcam.py:_set_default_host_ip()] - Default public webcam address set: http://192.168.2.135
2024-07-18 19:13:31,605 [server.py:_initialize_component()] - Performing Component Post Init: [klippy_connection]
2024-07-18 19:13:31,605 [server.py:_initialize_component()] - Performing Component Post Init: [update_manager]
2024-07-18 19:13:31,611 [server.py:add_log_rollover_item()] - 
Systemd unit klipper.service:
unit_name: klipper.service
is_default: True
manager: systemd
Properties:
**Requires=['sysinit.target', '-.mount', 'system.slice']
**After=['sysinit.target', 'basic.target', 'network-online.target', '-.mount', 'system.slice', 'systemd-journald.socket']
**SupplementaryGroups=[]
**EnvironmentFiles=/home/kkobold/printer_data/systemd/klipper.env
**ExecStart=/home/kkobold/klippy-env/bin/python $KLIPPER_ARGS
**WorkingDirectory=/home/kkobold/klipper
**FragmentPath=/etc/systemd/system/klipper.service
**Description=Klipper 3D Printer Firmware SV1
**User=kkobold
2024-07-18 19:13:31,650 [base_deploy.py:log_info()] - PackageDeploy: PackageKit Provider Configured
2024-07-18 19:13:31,653 [git_deploy.py:log_repo_info()] - Git Repo moonraker Detected:
Owner: Arksine
Repository Name: moonraker
Path: /home/kkobold/moonraker
Remote: origin
Branch: master
Remote URL: https://github.com/Arksine/moonraker.git
Recovery URL: https://github.com/Arksine/moonraker.git
Current Commit SHA: dc00d38b01915b9aea736999df9287b2846dd6bf
Upstream Commit SHA: dc00d38b01915b9aea736999df9287b2846dd6bf
Current Version: v0.8.0-385-gdc00d38b
Upstream Version: v0.8.0-385-gdc00d38b
Rollback Commit: dc00d38b01915b9aea736999df9287b2846dd6bf
Rollback Branch: master
Rollback Version: v0.8.0-385-gdc00d38b
Is Dirty: False
Is Detached: False
Is Shallow: False
Commits Behind Count: 0
Diverged: False
Pinned Commit: None
2024-07-18 19:13:31,656 [git_deploy.py:log_repo_info()] - Git Repo klipper Detected:
Owner: Klipper3d
Repository Name: klipper
Path: /home/kkobold/klipper
Remote: origin
Branch: master
Remote URL: https://github.com/Klipper3d/klipper
Recovery URL: https://github.com/Klipper3d/klipper
Current Commit SHA: 12cd1d9e81c32b26ccc319af1dfc3633438908f1
Upstream Commit SHA: 12cd1d9e81c32b26ccc319af1dfc3633438908f1
Current Version: v0.12.0-267-g12cd1d9e
Upstream Version: v0.12.0-267-g12cd1d9e
Rollback Commit: 12cd1d9e81c32b26ccc319af1dfc3633438908f1
Rollback Branch: master
Rollback Version: v0.12.0-267-g12cd1d9e
Is Dirty: False
Is Detached: False
Is Shallow: False
Commits Behind Count: 0
Diverged: False
Pinned Commit: None
2024-07-18 19:13:31,664 [base_deploy.py:log_info()] - PackageKit: Next refresh in: 6 Days, 23 Hours, 50 Minutes, 28 Seconds
2024-07-18 19:13:31,664 [base_deploy.py:log_info()] - Git Repo moonraker: Next refresh in: 6 Days, 23 Hours, 50 Minutes, 29 Seconds
2024-07-18 19:13:31,664 [base_deploy.py:log_info()] - Git Repo klipper: Next refresh in: 6 Days, 23 Hours, 50 Minutes, 30 Seconds
2024-07-18 19:13:31,683 [confighelper.py:create_backup()] - Backing up last working configuration to '/home/kkobold/printer_data/config/.moonraker.conf.bkp'
2024-07-18 19:13:31,688 [extensions.py:start_unix_server()] - Creating Unix Domain Socket at '/home/kkobold/printer_data/comms/moonraker.sock'
2024-07-18 19:13:31,690 [server.py:start_server()] - Starting Moonraker on (0.0.0.0, 7125), Hostname: gatekeeper
2024-07-18 19:13:31,692 [application.py:listen()] - SSL Certificate/Key not configured, aborting HTTPS Server startup
2024-07-18 19:13:31,694 [shell_command.py:_check_proc_success()] - Command (git -C /home/kkobold/fluidd-config status --porcelain -b) successfully finished
2024-07-18 19:13:31,711 [shell_command.py:_check_proc_success()] - Command (git -C /home/kkobold/fluidd-config branch --list --no-color) successfully finished
2024-07-18 19:13:31,743 [shell_command.py:_check_proc_success()] - Command (git -C /home/kkobold/fluidd-config remote get-url origin) successfully finished
2024-07-18 19:13:31,946 [klippy_connection.py:_do_connect()] - Klippy Connection Established
2024-07-18 19:13:32,045 [server.py:add_log_rollover_item()] - 
Systemd unit klipper.service:
unit_name: klipper.service
is_default: True
manager: systemd
Properties:
**Requires=['-.mount', 'system.slice', 'sysinit.target']
**After=['-.mount', 'basic.target', 'systemd-journald.socket', 'sysinit.target', 'system.slice', 'network-online.target']
**SupplementaryGroups=[]
**EnvironmentFiles=/home/kkobold/printer_data/systemd/klipper.env
**ExecStart=/home/kkobold/klippy-env/bin/python $KLIPPER_ARGS
**WorkingDirectory=/home/kkobold/klipper
**FragmentPath=/etc/systemd/system/klipper.service
**Description=Klipper 3D Printer Firmware SV1
**User=kkobold
2024-07-18 19:13:32,299 [server.py:add_log_rollover_item()] - Klipper Version: v0.12.0-267-g12cd1d9e
2024-07-18 19:13:32,317 [klippy_connection.py:_request_initial_subscriptions()] - Webhooks Subscribed
2024-07-18 19:13:32,319 [klippy_connection.py:_request_initial_subscriptions()] - GCode Output Subscribed
2024-07-18 19:13:32,322 [klippy_connection.py:_check_ready()] - 
mcu 'mcu': Unable to connect
Once the underlying issue is corrected, use the
"FIRMWARE_RESTART" command to reset the firmware, reload the
config, and restart the host software.
Error configuring printer

2024-07-18 19:13:32,472 [shell_command.py:_check_proc_success()] - Command (git -C /home/kkobold/fluidd-config fetch origin --prune --progress) successfully finished
2024-07-18 19:13:32,489 [shell_command.py:_check_proc_success()] - Command (git -C /home/kkobold/fluidd-config merge-base --is-ancestor HEAD origin/master) successfully finished
2024-07-18 19:13:32,507 [shell_command.py:_check_proc_success()] - Command (git -C /home/kkobold/fluidd-config rev-parse HEAD) successfully finished
2024-07-18 19:13:32,526 [shell_command.py:_check_proc_success()] - Command (git -C /home/kkobold/fluidd-config describe --always --tags --long --dirty --abbrev=8) successfully finished
2024-07-18 19:13:32,543 [shell_command.py:_check_proc_success()] - Command (git -C /home/kkobold/fluidd-config rev-parse origin/master) successfully finished
2024-07-18 19:13:32,561 [shell_command.py:_check_proc_success()] - Command (git -C /home/kkobold/fluidd-config describe origin/master --always --tags --long --abbrev=8) successfully finished
2024-07-18 19:13:32,579 [shell_command.py:_check_proc_success()] - Command (git -C /home/kkobold/fluidd-config rev-list HEAD..ce48c5854e9ca3ca72b63d0327069fac20e94c7c --count) successfully finished
2024-07-18 19:13:32,580 [git_deploy.py:log_repo_info()] - Git Repo fluidd-config Detected:
Owner: fluidd-core
Repository Name: fluidd-config
Path: /home/kkobold/fluidd-config
Remote: origin
Branch: master
Remote URL: https://github.com/fluidd-core/fluidd-config.git
Recovery URL: https://github.com/fluidd-core/fluidd-config.git
Current Commit SHA: ce48c5854e9ca3ca72b63d0327069fac20e94c7c
Upstream Commit SHA: ce48c5854e9ca3ca72b63d0327069fac20e94c7c
Current Version: v1.2.0-0-gce48c585
Upstream Version: v1.2.0-0-gce48c585
Rollback Commit: ce48c5854e9ca3ca72b63d0327069fac20e94c7c
Rollback Branch: master
Rollback Version: v1.2.0-0-gce48c585
Is Dirty: False
Is Detached: False
Is Shallow: False
Commits Behind Count: 0
Diverged: False
Pinned Commit: None
2024-07-18 19:13:32,581 [base_deploy.py:log_info()] - Git Repo fluidd-config: Channel: dev
2024-07-18 19:13:32,581 [base_deploy.py:log_info()] - Git Repo fluidd-config: Validity check for git repo passed
2024-07-18 19:13:32,923 [base_deploy.py:log_info()] - Web Client fluidd: Detected
Repo: fluidd-core/fluidd
Channel: stable
Path: /home/kkobold/fluidd
Local Version: v1.30.1
Remote Version: v1.30.1
Valid: True
Fallback Detected: False
Pre-release: False
Download Url: https://github.com/fluidd-core/fluidd/releases/download/v1.30.1/fluidd.zip
Download Size: 3726613
Content Type: application/zip
Rollback Version: v1.30.1
Rollback Repo: fluidd-core/fluidd
